10.0.2.2
we are waiting...
We got packet 0
FPS : 0
Size of the frame after transcoding: 1387
we are waiting...
We got packet 1
FPS : 4
Size of the frame after transcoding: 1386
we are waiting...
We got packet 2
FPS : 44
Size of the frame after transcoding: 1382
we are waiting...
We got packet 3
FPS : 47
Size of the frame after transcoding: 1381
we are waiting...
We got packet 4
FPS : 13
Size of the frame after transcoding: 1388
we are waiting...
We got packet 5
FPS : 10
Size of the frame after transcoding: 1381
we are waiting...
We got packet 6
FPS : 10
Size of the frame after transcoding: 1374
we are waiting...
We got packet 7
FPS : 10
Size of the frame after transcoding: 1370
we are waiting...
We got packet 8
FPS : 10
Size of the frame after transcoding: 1376
we are waiting...
We got packet 9
FPS : 10
Size of the frame after transcoding: 1377
we are waiting...
We got packet 10
FPS : 9
Size of the frame after transcoding: 1380
we are waiting...
We got packet 11
FPS : 8
Size of the frame after transcoding: 1381
we are waiting...
We got packet 12
FPS : 15
Size of the frame after transcoding: 1376
we are waiting...
We got packet 13
FPS : 9
Size of the frame after transcoding: 1378
we are waiting...
We got packet 14
FPS : 7
Size of the frame after transcoding: 1377
we are waiting...
We got packet 15
FPS : 10
Size of the frame after transcoding: 1385
we are waiting...
We got packet 16
FPS : 9
Size of the frame after transcoding: 1386
we are waiting...
We got packet 17
FPS : 8
Size of the frame after transcoding: 1383
we are waiting...
We got packet 18
FPS : 9
Size of the frame after transcoding: 1380
we are waiting...
We got packet 19
FPS : 8
Size of the frame after transcoding: 1388
we are waiting...
We got packet 20
FPS : 14
Size of the frame after transcoding: 1384
we are waiting...
We got packet 21
FPS : 9
Size of the frame after transcoding: 1385
we are waiting...
We got packet 22
FPS : 9
Size of the frame after transcoding: 1393
we are waiting...
We got packet 23
FPS : 9
Size of the frame after transcoding: 1398
we are waiting...
We got packet 24
FPS : 9
Size of the frame after transcoding: 1394
we are waiting...
We got packet 25
FPS : 10
Size of the frame after transcoding: 1403
we are waiting...
We got packet 26
FPS : 9
Size of the frame after transcoding: 1399
we are waiting...
We got packet 27
FPS : 9
Size of the frame after transcoding: 1402
we are waiting...
We got packet 28
FPS : 9
Size of the frame after transcoding: 1403
we are waiting...
We got packet 29
FPS : 8
Size of the frame after transcoding: 1405
we are waiting...
We got packet 30
FPS : 10
Size of the frame after transcoding: 1398
we are waiting...
We got packet 31
FPS : 10
Size of the frame after transcoding: 1404
we are waiting...
We got packet 32
FPS : 9
Size of the frame after transcoding: 1403
we are waiting...
We got packet 33
FPS : 8
Size of the frame after transcoding: 1400
we are waiting...
We got packet 34
FPS : 9
Size of the frame after transcoding: 1399
we are waiting...
We got packet 35
FPS : 9
Size of the frame after transcoding: 1397
we are waiting...
We got packet 36
FPS : 10
Size of the frame after transcoding: 1402
we are waiting...
We got packet 37
FPS : 8
Size of the frame after transcoding: 1398
we are waiting...
We got packet 38
FPS : 8
Size of the frame after transcoding: 1396
we are waiting...
We got packet 39
FPS : 8
Size of the frame after transcoding: 1396
we are waiting...
We got packet 40
FPS : 11
Size of the frame after transcoding: 1400
we are waiting...
We got packet 41
FPS : 9
Size of the frame after transcoding: 1396
we are waiting...
We got packet 42
FPS : 9
Size of the frame after transcoding: 1397
we are waiting...
We got packet 43
FPS : 10
Size of the frame after transcoding: 1396
we are waiting...
We got packet 44
FPS : 9
Size of the frame after transcoding: 1397
we are waiting...
We got packet 45
FPS : 10
Size of the frame after transcoding: 1402
we are waiting...
We got packet 46
FPS : 7
Size of the frame after transcoding: 1396
we are waiting...
We got packet 47
FPS : 9
Size of the frame after transcoding: 1404
we are waiting...
We got packet 48
FPS : 10
Size of the frame after transcoding: 1408
we are waiting...
We got packet 49
FPS : 8
Size of the frame after transcoding: 1407
we are waiting...
We got packet 50
FPS : 9
Size of the frame after transcoding: 1404
we are waiting...
We got packet 51
FPS : 10
Size of the frame after transcoding: 1408
we are waiting...
We got packet 52
FPS : 9
Size of the frame after transcoding: 1416
we are waiting...
We got packet 53
FPS : 9
Size of the frame after transcoding: 1421
we are waiting...
We got packet 54
FPS : 9
Size of the frame after transcoding: 1420
we are waiting...
We got packet 55
FPS : 10
Size of the frame after transcoding: 1425
we are waiting...
We got packet 56
FPS : 9
Size of the frame after transcoding: 1422
we are waiting...
We got packet 57
FPS : 9
Size of the frame after transcoding: 1425
we are waiting...
We got packet 58
FPS : 9
Size of the frame after transcoding: 1430
we are waiting...
We got packet 59
FPS : 9
Size of the frame after transcoding: 1420
we are waiting...
We got packet 60
FPS : 10
Size of the frame after transcoding: 1427
we are waiting...
We got packet 61
FPS : 9
Size of the frame after transcoding: 1431
we are waiting...
We got packet 62
FPS : 8
Size of the frame after transcoding: 1421
we are waiting...
We got packet 63
FPS : 9
Size of the frame after transcoding: 1419
we are waiting...
We got packet 64
FPS : 7
Size of the frame after transcoding: 1423
we are waiting...
We got packet 65
FPS : 10
Size of the frame after transcoding: 1425
we are waiting...
We got packet 66
FPS : 10
Size of the frame after transcoding: 1427
we are waiting...
We got packet 67
FPS : 9
Size of the frame after transcoding: 1427
we are waiting...
We got packet 68
FPS : 9
Size of the frame after transcoding: 1426
we are waiting...
We got packet 69
FPS : 9
Size of the frame after transcoding: 1426
we are waiting...
We got packet 70
FPS : 9
Size of the frame after transcoding: 1427
we are waiting...
We got packet 71
FPS : 9
Size of the frame after transcoding: 1431
we are waiting...
We got packet 72
FPS : 9
Size of the frame after transcoding: 1430
we are waiting...
We got packet 73
FPS : 9
Size of the frame after transcoding: 1433
we are waiting...
We got packet 74
FPS : 8
Size of the frame after transcoding: 1432
we are waiting...
We got packet 75
FPS : 10
Size of the frame after transcoding: 1432
we are waiting...
We got packet 76
FPS : 9
Size of the frame after transcoding: 1430
we are waiting...
We got packet 77
FPS : 10
Size of the frame after transcoding: 1430
we are waiting...
We got packet 78
FPS : 9
Size of the frame after transcoding: 1432
we are waiting...
We got packet 79
FPS : 8
Size of the frame after transcoding: 1436
we are waiting...
We got packet 80
FPS : 10
Size of the frame after transcoding: 1432
we are waiting...
We got packet 81
FPS : 10
Size of the frame after transcoding: 1437
we are waiting...
We got packet 82
FPS : 9
Size of the frame after transcoding: 1442
we are waiting...
We got packet 83
FPS : 9
Size of the frame after transcoding: 1432
we are waiting...
We got packet 84
FPS : 8
Size of the frame after transcoding: 1433
we are waiting...
We got packet 85
FPS : 9
Size of the frame after transcoding: 1438
we are waiting...
We got packet 86
FPS : 9
Size of the frame after transcoding: 1438
we are waiting...
We got packet 87
FPS : 9
Size of the frame after transcoding: 1438
we are waiting...
We got packet 88
FPS : 9
Size of the frame after transcoding: 1437
we are waiting...
We got packet 89
FPS : 8
Size of the frame after transcoding: 1439
we are waiting...
We got packet 90
FPS : 12
Size of the frame after transcoding: 1453
we are waiting...
We got packet 91
FPS : 9
Size of the frame after transcoding: 1449
we are waiting...
We got packet 92
FPS : 10
Size of the frame after transcoding: 1438
we are waiting...
We got packet 93
FPS : 9
Size of the frame after transcoding: 1437
we are waiting...
We got packet 94
FPS : 9
Size of the frame after transcoding: 1444
we are waiting...
We got packet 95
FPS : 9
Size of the frame after transcoding: 1447
