.......................................................................................................................................................................................................................................................................................................................
Sent 1 packets.

Sent 1 packets.

Sent 1 packets.

Sent 1 packets.

Sent 1 packets.

Sent 1 packets.

Sent 1 packets.

Sent 1 packets.

Sent 1 packets.

Sent 1 packets.

Sent 1 packets.

Sent 1 packets.

Sent 1 packets.

Sent 1 packets.

Sent 1 packets.

Sent 1 packets.

Sent 1 packets.

Sent 1 packets.

Sent 1 packets.

Sent 1 packets.

Sent 1 packets.

Sent 1 packets.

Sent 1 packets.

Sent 1 packets.

Sent 1 packets.

Sent 1 packets.

Sent 1 packets.

Sent 1 packets.

Sent 1 packets.

Sent 1 packets.

Sent 1 packets.

Sent 1 packets.

Sent 1 packets.

Sent 1 packets.

Sent 1 packets.

Sent 1 packets.

Sent 1 packets.

Sent 1 packets.

Sent 1 packets.

Sent 1 packets.

Sent 1 packets.

Sent 1 packets.

Sent 1 packets.

Sent 1 packets.

Sent 1 packets.

Sent 1 packets.

Sent 1 packets.

Sent 1 packets.

Sent 1 packets.

Sent 1 packets.

Sent 1 packets.

Sent 1 packets.

Sent 1 packets.

Sent 1 packets.

Sent 1 packets.

Sent 1 packets.

Sent 1 packets.

Sent 1 packets.

Sent 1 packets.

Sent 1 packets.

Sent 1 packets.

Sent 1 packets.

Sent 1 packets.

Sent 1 packets.

Sent 1 packets.

Sent 1 packets.

Sent 1 packets.

Sent 1 packets.

Sent 1 packets.

Sent 1 packets.

Sent 1 packets.

Sent 1 packets.

Sent 1 packets.

Sent 1 packets.

Sent 1 packets.

Sent 1 packets.

Sent 1 packets.

Sent 1 packets.

Sent 1 packets.

Sent 1 packets.

Sent 1 packets.

Sent 1 packets.

Sent 1 packets.

Sent 1 packets.

Sent 1 packets.

Sent 1 packets.

Sent 1 packets.

Sent 1 packets.

Sent 1 packets.

Sent 1 packets.

Sent 1 packets.

Sent 1 packets.

Sent 1 packets.

Sent 1 packets.

Sent 1 packets.

Sent 1 packets.

Sent 1 packets.

Sent 1 packets.

Sent 1 packets.

Sent 1 packets.

Sent 1 packets.

Sent 1 packets.

Sent 1 packets.

Sent 1 packets.

Sent 1 packets.

Sent 1 packets.

Sent 1 packets.

Sent 1 packets.

Sent 1 packets.

Sent 1 packets.

Sent 1 packets.

Sent 1 packets.

Sent 1 packets.

Sent 1 packets.

Sent 1 packets.

Sent 1 packets.

Sent 1 packets.

Sent 1 packets.

Sent 1 packets.

Sent 1 packets.

Sent 1 packets.

Sent 1 packets.

Sent 1 packets.

Sent 1 packets.

Sent 1 packets.

Sent 1 packets.

Sent 1 packets.

Sent 1 packets.

Sent 1 packets.

Sent 1 packets.

Sent 1 packets.

Sent 1 packets.

Sent 1 packets.

Sent 1 packets.

Sent 1 packets.

Sent 1 packets.

Sent 1 packets.

Sent 1 packets.

Sent 1 packets.

Sent 1 packets.

Sent 1 packets.

Sent 1 packets.

Sent 1 packets.

Sent 1 packets.

Sent 1 packets.

Sent 1 packets.

Sent 1 packets.

Sent 1 packets.

Sent 1 packets.

Sent 1 packets.

Sent 1 packets.

Sent 1 packets.

Sent 1 packets.

Sent 1 packets.

Sent 1 packets.

Sent 1 packets.

Sent 1 packets.

Sent 1 packets.

Sent 1 packets.

Sent 1 packets.

Sent 1 packets.

Sent 1 packets.

Sent 1 packets.

Sent 1 packets.

Sent 1 packets.

Sent 1 packets.

Sent 1 packets.

Sent 1 packets.

Sent 1 packets.

Sent 1 packets.

Sent 1 packets.

Sent 1 packets.

Sent 1 packets.

Sent 1 packets.

Sent 1 packets.

Sent 1 packets.

Sent 1 packets.

Sent 1 packets.

Sent 1 packets.

Sent 1 packets.

Sent 1 packets.

Sent 1 packets.

Sent 1 packets.

Sent 1 packets.

Sent 1 packets.

Sent 1 packets.

Sent 1 packets.

Sent 1 packets.

Sent 1 packets.

Sent 1 packets.

Sent 1 packets.

Sent 1 packets.

Sent 1 packets.

Sent 1 packets.

Sent 1 packets.

Sent 1 packets.

Sent 1 packets.

Sent 1 packets.

Sent 1 packets.

Sent 1 packets.

Sent 1 packets.

Sent 1 packets.

Sent 1 packets.

Sent 1 packets.

Sent 1 packets.

Sent 1 packets.

Sent 1 packets.

Sent 1 packets.

Sent 1 packets.

Sent 1 packets.

Sent 1 packets.

Sent 1 packets.

Sent 1 packets.

Sent 1 packets.

Sent 1 packets.

Sent 1 packets.

Sent 1 packets.

Sent 1 packets.

Sent 1 packets.

Sent 1 packets.

Sent 1 packets.

Sent 1 packets.

Sent 1 packets.

Sent 1 packets.

Sent 1 packets.

Sent 1 packets.

Sent 1 packets.

Sent 1 packets.

Sent 1 packets.

Sent 1 packets.

Sent 1 packets.

Sent 1 packets.

Sent 1 packets.

Sent 1 packets.

Sent 1 packets.

Sent 1 packets.

Sent 1 packets.

Sent 1 packets.

Sent 1 packets.

Sent 1 packets.

Sent 1 packets.

Sent 1 packets.

Sent 1 packets.

Sent 1 packets.

Sent 1 packets.

Sent 1 packets.

Sent 1 packets.

Sent 1 packets.

Sent 1 packets.

Sent 1 packets.

Sent 1 packets.

Sent 1 packets.

Sent 1 packets.

Sent 1 packets.

Sent 1 packets.

Sent 1 packets.

Sent 1 packets.

Sent 1 packets.

Sent 1 packets.

Sent 1 packets.

Sent 1 packets.

Sent 1 packets.

Sent 1 packets.

Sent 1 packets.

Sent 1 packets.

Sent 1 packets.

Sent 1 packets.

Sent 1 packets.

Sent 1 packets.

Sent 1 packets.

Sent 1 packets.

Sent 1 packets.

Sent 1 packets.

Sent 1 packets.

Sent 1 packets.

Sent 1 packets.

Sent 1 packets.

Sent 1 packets.

Sent 1 packets.

Sent 1 packets.

Sent 1 packets.

Sent 1 packets.

Sent 1 packets.

Sent 1 packets.

Sent 1 packets.

Sent 1 packets.

Sent 1 packets.

Sent 1 packets.

Sent 1 packets.

Sent 1 packets.

Sent 1 packets.

Sent 1 packets.

Sent 1 packets.

Sent 1 packets.

Sent 1 packets.

Sent 1 packets.

Sent 1 packets.

Sent 1 packets.

Sent 1 packets.

Sent 1 packets.

Sent 1 packets.

Sent 1 packets.

Sent 1 packets.

Sent 1 packets.

Sent 1 packets.

Sent 1 packets.

Sent 1 packets.

Sent 1 packets.

Sent 1 packets.

Sent 1 packets.

Sent 1 packets.
Traceback (most recent call last):
  File "./send_probe_h1.py", line 21, in <module>
    main()
  File "./send_probe_h1.py", line 14, in main
    sendp(probe_pkt, iface='eth0')
  File "/usr/local/lib/python3.8/dist-packages/scapy/sendrecv.py", line 458, in sendp
    return _send(
  File "/usr/local/lib/python3.8/dist-packages/scapy/sendrecv.py", line 394, in _send
    socket = socket or _func(iface)(iface=iface, **kargs)
  File "/usr/local/lib/python3.8/dist-packages/scapy/arch/linux.py", line 501, in __init__
    set_promisc(self.ins, self.iface)
  File "/usr/local/lib/python3.8/dist-packages/scapy/arch/linux.py", line 181, in set_promisc
    mreq = struct.pack("IHH8s", get_if_index(iff), PACKET_MR_PROMISC, 0, b"")
  File "/usr/local/lib/python3.8/dist-packages/scapy/arch/linux.py", line 401, in get_if_index
    return int(struct.unpack("I", get_if(iff, SIOCGIFINDEX)[16:20])[0])
  File "/usr/local/lib/python3.8/dist-packages/scapy/arch/common.py", line 65, in get_if
    return ioctl(sck, cmd, struct.pack("16s16x", iff.encode("utf8")))
OSError: [Errno 19] No such device
