Server is running on http:localhost:45333
Encoded hologram0.drc has been downloaded.
Downloaded hologram0.drc file exist.
stdout:
Decoded geometry saved to ./decoded/hologram0.ply (230 ms to decode)

Encoded hologram1.drc has been downloaded.
Downloaded hologram1.drc file exist.
stdout:
Decoded geometry saved to ./decoded/hologram1.ply (171 ms to decode)

Encoded hologram2.drc has been downloaded.
Downloaded hologram2.drc file exist.
stdout:
Decoded geometry saved to ./decoded/hologram2.ply (188 ms to decode)

Encoded hologram3.drc has been downloaded.
Downloaded hologram3.drc file exist.
stdout:
Decoded geometry saved to ./decoded/hologram3.ply (178 ms to decode)

Encoded hologram4.drc has been downloaded.
Downloaded hologram4.drc file exist.
stdout:
Decoded geometry saved to ./decoded/hologram4.ply (186 ms to decode)

Encoded hologram5.drc has been downloaded.
Downloaded hologram5.drc file exist.
stdout:
Decoded geometry saved to ./decoded/hologram5.ply (160 ms to decode)

Encoded hologram6.drc has been downloaded.
Downloaded hologram6.drc file exist.
stdout:
Decoded geometry saved to ./decoded/hologram6.ply (174 ms to decode)

Encoded hologram7.drc has been downloaded.
Downloaded hologram7.drc file exist.
stdout:
Decoded geometry saved to ./decoded/hologram7.ply (174 ms to decode)

Encoded hologram8.drc has been downloaded.
Downloaded hologram8.drc file exist.
stdout:
Decoded geometry saved to ./decoded/hologram8.ply (167 ms to decode)

Encoded hologram9.drc has been downloaded.
Downloaded hologram9.drc file exist.
stdout:
Decoded geometry saved to ./decoded/hologram9.ply (301 ms to decode)

Encoded hologram10.drc has been downloaded.
Downloaded hologram10.drc file exist.
stdout:
Decoded geometry saved to ./decoded/hologram10.ply (206 ms to decode)

Encoded hologram11.drc has been downloaded.
Downloaded hologram11.drc file exist.
stdout:
Decoded geometry saved to ./decoded/hologram11.ply (212 ms to decode)

Encoded hologram12.drc has been downloaded.
Downloaded hologram12.drc file exist.
stdout:
Decoded geometry saved to ./decoded/hologram12.ply (309 ms to decode)

Encoded hologram13.drc has been downloaded.
Downloaded hologram13.drc file exist.
stdout:
Decoded geometry saved to ./decoded/hologram13.ply (186 ms to decode)

