Calling target program-options parser
[09:23:10.587] [bmv2] [D] [thread 30950] Set default default entry for table 'MyIngress.ipv4_lpm': NoAction - 
Adding interface s3-eth1 as port 1
[09:23:10.588] [bmv2] [D] [thread 30950] Adding interface s3-eth1 as port 1
Adding interface s3-eth2 as port 2
[09:23:10.641] [bmv2] [D] [thread 30950] Adding interface s3-eth2 as port 2
Server listening on 0.0.0.0:50053
[09:23:10.673] [bmv2] [I] [thread 30950] Starting Thrift server on port 9092
[09:23:10.673] [bmv2] [I] [thread 30950] Thrift server was started
[09:23:10.698] [bmv2] [D] [thread 30960] [0.0] [cxt 0] Processing packet received on port 1
[09:23:10.698] [bmv2] [D] [thread 30960] [0.0] [cxt 0] Parser 'parser': start
[09:23:10.699] [bmv2] [D] [thread 30960] [0.0] [cxt 0] Parser 'parser' entering state 'start'
[09:23:10.699] [bmv2] [D] [thread 30960] [0.0] [cxt 0] Parser state 'start' has no switch, going to default next state
[09:23:10.699] [bmv2] [T] [thread 30960] [0.0] [cxt 0] Bytes parsed: 0
[09:23:10.699] [bmv2] [D] [thread 30960] [0.0] [cxt 0] Parser 'parser': end
[09:23:10.699] [bmv2] [D] [thread 30960] [0.0] [cxt 0] Pipeline 'ingress': start
[09:23:10.699] [bmv2] [T] [thread 30960] [0.0] [cxt 0] Applying table 'MyIngress.ipv4_lpm'
[09:23:10.699] [bmv2] [D] [thread 30960] [0.0] [cxt 0] Looking up key:
* hdr.ipv4.dstAddr    : 00000000

[09:23:10.699] [bmv2] [D] [thread 30960] [0.0] [cxt 0] Table 'MyIngress.ipv4_lpm': miss
[09:23:10.699] [bmv2] [D] [thread 30960] [0.0] [cxt 0] Action entry is NoAction - 
[09:23:10.699] [bmv2] [T] [thread 30960] [0.0] [cxt 0] Action NoAction
[09:23:10.699] [bmv2] [D] [thread 30960] [0.0] [cxt 0] Pipeline 'ingress': end
[09:23:10.699] [bmv2] [D] [thread 30960] [0.0] [cxt 0] Egress port is 0
[09:23:10.699] [bmv2] [D] [thread 30960] [1.0] [cxt 0] Processing packet received on port 1
[09:23:10.699] [bmv2] [D] [thread 30960] [1.0] [cxt 0] Parser 'parser': start
[09:23:10.699] [bmv2] [D] [thread 30960] [1.0] [cxt 0] Parser 'parser' entering state 'start'
[09:23:10.699] [bmv2] [D] [thread 30960] [1.0] [cxt 0] Parser state 'start' has no switch, going to default next state
[09:23:10.699] [bmv2] [T] [thread 30960] [1.0] [cxt 0] Bytes parsed: 0
[09:23:10.699] [bmv2] [D] [thread 30960] [1.0] [cxt 0] Parser 'parser': end
[09:23:10.699] [bmv2] [D] [thread 30960] [1.0] [cxt 0] Pipeline 'ingress': start
[09:23:10.699] [bmv2] [T] [thread 30960] [1.0] [cxt 0] Applying table 'MyIngress.ipv4_lpm'
[09:23:10.699] [bmv2] [D] [thread 30960] [1.0] [cxt 0] Looking up key:
* hdr.ipv4.dstAddr    : 00000000

[09:23:10.699] [bmv2] [D] [thread 30960] [1.0] [cxt 0] Table 'MyIngress.ipv4_lpm': miss
[09:23:10.699] [bmv2] [D] [thread 30960] [1.0] [cxt 0] Action entry is NoAction - 
[09:23:10.699] [bmv2] [T] [thread 30960] [1.0] [cxt 0] Action NoAction
[09:23:10.699] [bmv2] [D] [thread 30960] [1.0] [cxt 0] Pipeline 'ingress': end
[09:23:10.699] [bmv2] [D] [thread 30960] [1.0] [cxt 0] Egress port is 0
[09:23:10.699] [bmv2] [D] [thread 30961] [0.0] [cxt 0] Pipeline 'egress': start
[09:23:10.699] [bmv2] [D] [thread 30961] [0.0] [cxt 0] Pipeline 'egress': end
[09:23:10.699] [bmv2] [D] [thread 30961] [0.0] [cxt 0] Deparser 'deparser': start
[09:23:10.699] [bmv2] [T] [thread 30961] [0.0] [cxt 0] Skipping checksum 'cksum' update because condition not met
[09:23:10.699] [bmv2] [D] [thread 30961] [0.0] [cxt 0] Deparser 'deparser': end
[09:23:10.699] [bmv2] [D] [thread 30961] [1.0] [cxt 0] Pipeline 'egress': start
[09:23:10.699] [bmv2] [D] [thread 30961] [1.0] [cxt 0] Pipeline 'egress': end
[09:23:10.699] [bmv2] [D] [thread 30961] [1.0] [cxt 0] Deparser 'deparser': start
[09:23:10.699] [bmv2] [T] [thread 30961] [1.0] [cxt 0] Skipping checksum 'cksum' update because condition not met
[09:23:10.699] [bmv2] [D] [thread 30961] [1.0] [cxt 0] Deparser 'deparser': end
[09:23:10.699] [bmv2] [D] [thread 30965] [0.0] [cxt 0] Transmitting packet of size 90 out of port 0
[09:23:10.699] [bmv2] [D] [thread 30965] [1.0] [cxt 0] Transmitting packet of size 70 out of port 0
[09:23:10.706] [bmv2] [D] [thread 30960] [2.0] [cxt 0] Processing packet received on port 2
[09:23:10.706] [bmv2] [D] [thread 30960] [2.0] [cxt 0] Parser 'parser': start
[09:23:10.706] [bmv2] [D] [thread 30960] [2.0] [cxt 0] Parser 'parser' entering state 'start'
[09:23:10.706] [bmv2] [D] [thread 30960] [2.0] [cxt 0] Parser state 'start' has no switch, going to default next state
[09:23:10.706] [bmv2] [T] [thread 30960] [2.0] [cxt 0] Bytes parsed: 0
[09:23:10.706] [bmv2] [D] [thread 30960] [2.0] [cxt 0] Parser 'parser': end
[09:23:10.706] [bmv2] [D] [thread 30960] [2.0] [cxt 0] Pipeline 'ingress': start
[09:23:10.706] [bmv2] [T] [thread 30960] [2.0] [cxt 0] Applying table 'MyIngress.ipv4_lpm'
[09:23:10.706] [bmv2] [D] [thread 30960] [2.0] [cxt 0] Looking up key:
* hdr.ipv4.dstAddr    : 00000000

[09:23:10.706] [bmv2] [D] [thread 30960] [2.0] [cxt 0] Table 'MyIngress.ipv4_lpm': miss
[09:23:10.706] [bmv2] [D] [thread 30960] [2.0] [cxt 0] Action entry is NoAction - 
[09:23:10.706] [bmv2] [T] [thread 30960] [2.0] [cxt 0] Action NoAction
[09:23:10.706] [bmv2] [D] [thread 30960] [2.0] [cxt 0] Pipeline 'ingress': end
[09:23:10.706] [bmv2] [D] [thread 30960] [2.0] [cxt 0] Egress port is 0
[09:23:10.706] [bmv2] [D] [thread 30961] [2.0] [cxt 0] Pipeline 'egress': start
[09:23:10.706] [bmv2] [D] [thread 30961] [2.0] [cxt 0] Pipeline 'egress': end
[09:23:10.706] [bmv2] [D] [thread 30961] [2.0] [cxt 0] Deparser 'deparser': start
[09:23:10.706] [bmv2] [T] [thread 30961] [2.0] [cxt 0] Skipping checksum 'cksum' update because condition not met
[09:23:10.706] [bmv2] [D] [thread 30961] [2.0] [cxt 0] Deparser 'deparser': end
[09:23:10.706] [bmv2] [D] [thread 30965] [2.0] [cxt 0] Transmitting packet of size 90 out of port 0
[09:23:11.143] [bmv2] [D] [thread 30960] [3.0] [cxt 0] Processing packet received on port 2
[09:23:11.143] [bmv2] [D] [thread 30960] [3.0] [cxt 0] Parser 'parser': start
[09:23:11.143] [bmv2] [D] [thread 30960] [3.0] [cxt 0] Parser 'parser' entering state 'start'
[09:23:11.143] [bmv2] [D] [thread 30960] [3.0] [cxt 0] Parser state 'start' has no switch, going to default next state
[09:23:11.143] [bmv2] [T] [thread 30960] [3.0] [cxt 0] Bytes parsed: 0
[09:23:11.143] [bmv2] [D] [thread 30960] [3.0] [cxt 0] Parser 'parser': end
[09:23:11.143] [bmv2] [D] [thread 30960] [3.0] [cxt 0] Pipeline 'ingress': start
[09:23:11.143] [bmv2] [T] [thread 30960] [3.0] [cxt 0] Applying table 'MyIngress.ipv4_lpm'
[09:23:11.143] [bmv2] [D] [thread 30960] [3.0] [cxt 0] Looking up key:
* hdr.ipv4.dstAddr    : 00000000

[09:23:11.143] [bmv2] [D] [thread 30960] [3.0] [cxt 0] Table 'MyIngress.ipv4_lpm': miss
[09:23:11.143] [bmv2] [D] [thread 30960] [3.0] [cxt 0] Action entry is NoAction - 
[09:23:11.143] [bmv2] [T] [thread 30960] [3.0] [cxt 0] Action NoAction
[09:23:11.143] [bmv2] [D] [thread 30960] [3.0] [cxt 0] Pipeline 'ingress': end
[09:23:11.143] [bmv2] [D] [thread 30960] [3.0] [cxt 0] Egress port is 0
[09:23:11.143] [bmv2] [D] [thread 30960] [4.0] [cxt 0] Processing packet received on port 2
[09:23:11.143] [bmv2] [D] [thread 30960] [4.0] [cxt 0] Parser 'parser': start
[09:23:11.143] [bmv2] [D] [thread 30960] [4.0] [cxt 0] Parser 'parser' entering state 'start'
[09:23:11.143] [bmv2] [D] [thread 30960] [4.0] [cxt 0] Parser state 'start' has no switch, going to default next state
[09:23:11.144] [bmv2] [T] [thread 30960] [4.0] [cxt 0] Bytes parsed: 0
[09:23:11.144] [bmv2] [D] [thread 30960] [4.0] [cxt 0] Parser 'parser': end
[09:23:11.144] [bmv2] [D] [thread 30960] [4.0] [cxt 0] Pipeline 'ingress': start
[09:23:11.144] [bmv2] [T] [thread 30960] [4.0] [cxt 0] Applying table 'MyIngress.ipv4_lpm'
[09:23:11.144] [bmv2] [D] [thread 30960] [4.0] [cxt 0] Looking up key:
* hdr.ipv4.dstAddr    : 00000000

[09:23:11.144] [bmv2] [D] [thread 30960] [4.0] [cxt 0] Table 'MyIngress.ipv4_lpm': miss
[09:23:11.144] [bmv2] [D] [thread 30960] [4.0] [cxt 0] Action entry is NoAction - 
[09:23:11.144] [bmv2] [T] [thread 30960] [4.0] [cxt 0] Action NoAction
[09:23:11.144] [bmv2] [D] [thread 30960] [4.0] [cxt 0] Pipeline 'ingress': end
[09:23:11.144] [bmv2] [D] [thread 30960] [4.0] [cxt 0] Egress port is 0
[09:23:11.144] [bmv2] [D] [thread 30961] [3.0] [cxt 0] Pipeline 'egress': start
[09:23:11.144] [bmv2] [D] [thread 30961] [3.0] [cxt 0] Pipeline 'egress': end
[09:23:11.144] [bmv2] [D] [thread 30961] [3.0] [cxt 0] Deparser 'deparser': start
[09:23:11.144] [bmv2] [T] [thread 30961] [3.0] [cxt 0] Skipping checksum 'cksum' update because condition not met
[09:23:11.144] [bmv2] [D] [thread 30961] [3.0] [cxt 0] Deparser 'deparser': end
[09:23:11.144] [bmv2] [D] [thread 30961] [4.0] [cxt 0] Pipeline 'egress': start
[09:23:11.144] [bmv2] [D] [thread 30961] [4.0] [cxt 0] Pipeline 'egress': end
[09:23:11.144] [bmv2] [D] [thread 30961] [4.0] [cxt 0] Deparser 'deparser': start
[09:23:11.144] [bmv2] [T] [thread 30961] [4.0] [cxt 0] Skipping checksum 'cksum' update because condition not met
[09:23:11.144] [bmv2] [D] [thread 30961] [4.0] [cxt 0] Deparser 'deparser': end
[09:23:11.144] [bmv2] [D] [thread 30965] [3.0] [cxt 0] Transmitting packet of size 90 out of port 0
[09:23:11.144] [bmv2] [D] [thread 30965] [4.0] [cxt 0] Transmitting packet of size 70 out of port 0
[09:23:11.161] [bmv2] [D] [thread 30960] [5.0] [cxt 0] Processing packet received on port 2
[09:23:11.161] [bmv2] [D] [thread 30960] [5.0] [cxt 0] Parser 'parser': start
[09:23:11.161] [bmv2] [D] [thread 30960] [5.0] [cxt 0] Parser 'parser' entering state 'start'
[09:23:11.161] [bmv2] [D] [thread 30960] [5.0] [cxt 0] Parser state 'start' has no switch, going to default next state
[09:23:11.161] [bmv2] [T] [thread 30960] [5.0] [cxt 0] Bytes parsed: 0
[09:23:11.161] [bmv2] [D] [thread 30960] [5.0] [cxt 0] Parser 'parser': end
[09:23:11.161] [bmv2] [D] [thread 30960] [5.0] [cxt 0] Pipeline 'ingress': start
[09:23:11.161] [bmv2] [T] [thread 30960] [5.0] [cxt 0] Applying table 'MyIngress.ipv4_lpm'
[09:23:11.161] [bmv2] [D] [thread 30960] [5.0] [cxt 0] Looking up key:
* hdr.ipv4.dstAddr    : 00000000

[09:23:11.161] [bmv2] [D] [thread 30960] [5.0] [cxt 0] Table 'MyIngress.ipv4_lpm': miss
[09:23:11.161] [bmv2] [D] [thread 30960] [5.0] [cxt 0] Action entry is NoAction - 
[09:23:11.161] [bmv2] [T] [thread 30960] [5.0] [cxt 0] Action NoAction
[09:23:11.161] [bmv2] [D] [thread 30960] [5.0] [cxt 0] Pipeline 'ingress': end
[09:23:11.161] [bmv2] [D] [thread 30960] [5.0] [cxt 0] Egress port is 0
[09:23:11.161] [bmv2] [D] [thread 30961] [5.0] [cxt 0] Pipeline 'egress': start
[09:23:11.161] [bmv2] [D] [thread 30961] [5.0] [cxt 0] Pipeline 'egress': end
[09:23:11.161] [bmv2] [D] [thread 30961] [5.0] [cxt 0] Deparser 'deparser': start
[09:23:11.161] [bmv2] [T] [thread 30961] [5.0] [cxt 0] Skipping checksum 'cksum' update because condition not met
[09:23:11.161] [bmv2] [D] [thread 30961] [5.0] [cxt 0] Deparser 'deparser': end
[09:23:11.161] [bmv2] [D] [thread 30965] [5.0] [cxt 0] Transmitting packet of size 90 out of port 0
[09:23:11.333] [bmv2] [D] [thread 30960] [6.0] [cxt 0] Processing packet received on port 1
[09:23:11.333] [bmv2] [D] [thread 30960] [6.0] [cxt 0] Parser 'parser': start
[09:23:11.333] [bmv2] [D] [thread 30960] [6.0] [cxt 0] Parser 'parser' entering state 'start'
[09:23:11.333] [bmv2] [D] [thread 30960] [6.0] [cxt 0] Parser state 'start' has no switch, going to default next state
[09:23:11.333] [bmv2] [T] [thread 30960] [6.0] [cxt 0] Bytes parsed: 0
[09:23:11.333] [bmv2] [D] [thread 30960] [6.0] [cxt 0] Parser 'parser': end
[09:23:11.333] [bmv2] [D] [thread 30960] [6.0] [cxt 0] Pipeline 'ingress': start
[09:23:11.333] [bmv2] [T] [thread 30960] [6.0] [cxt 0] Applying table 'MyIngress.ipv4_lpm'
[09:23:11.333] [bmv2] [D] [thread 30960] [6.0] [cxt 0] Looking up key:
* hdr.ipv4.dstAddr    : 00000000

[09:23:11.333] [bmv2] [D] [thread 30960] [6.0] [cxt 0] Table 'MyIngress.ipv4_lpm': miss
[09:23:11.333] [bmv2] [D] [thread 30960] [6.0] [cxt 0] Action entry is NoAction - 
[09:23:11.333] [bmv2] [T] [thread 30960] [6.0] [cxt 0] Action NoAction
[09:23:11.333] [bmv2] [D] [thread 30960] [6.0] [cxt 0] Pipeline 'ingress': end
[09:23:11.333] [bmv2] [D] [thread 30960] [6.0] [cxt 0] Egress port is 0
[09:23:11.333] [bmv2] [D] [thread 30961] [6.0] [cxt 0] Pipeline 'egress': start
[09:23:11.333] [bmv2] [D] [thread 30961] [6.0] [cxt 0] Pipeline 'egress': end
[09:23:11.334] [bmv2] [D] [thread 30961] [6.0] [cxt 0] Deparser 'deparser': start
[09:23:11.334] [bmv2] [T] [thread 30961] [6.0] [cxt 0] Skipping checksum 'cksum' update because condition not met
[09:23:11.334] [bmv2] [D] [thread 30961] [6.0] [cxt 0] Deparser 'deparser': end
[09:23:11.334] [bmv2] [D] [thread 30965] [6.0] [cxt 0] Transmitting packet of size 90 out of port 0
[09:23:12.904] [bmv2] [W] [thread 31013] [P4Runtime] p4::tmp::P4DeviceConfig is deprecated
[09:23:12.905] [bmv2] [D] [thread 31013] Set default default entry for table 'MyIngress.ipv4_lpm': NoAction - 
[09:23:12.906] [bmv2] [D] [thread 31013] simple_switch target has been notified of a config swap
[09:23:12.910] [bmv2] [D] [thread 31014] Set default entry for table 'MyIngress.ipv4_lpm': MyIngress.drop - 
[09:23:12.911] [bmv2] [D] [thread 31013] Entry 0 added to table 'MyIngress.ipv4_lpm'
[09:23:12.911] [bmv2] [D] [thread 31013] Dumping entry 0
Match key:
* hdr.ipv4.dstAddr    : LPM       0a000101/32
Action entry: MyIngress.ipv4_forward - 80000000100,1,

[09:23:12.912] [bmv2] [D] [thread 31014] Entry 1 added to table 'MyIngress.ipv4_lpm'
[09:23:12.913] [bmv2] [D] [thread 31014] Dumping entry 1
Match key:
* hdr.ipv4.dstAddr    : LPM       0a000202/32
Action entry: MyIngress.ipv4_forward - 80000000100,1,

[09:23:12.913] [bmv2] [D] [thread 31013] Entry 2 added to table 'MyIngress.ipv4_lpm'
[09:23:12.914] [bmv2] [D] [thread 31013] Dumping entry 2
Match key:
* hdr.ipv4.dstAddr    : LPM       0a000303/32
Action entry: MyIngress.ipv4_forward - 80000000200,2,

[09:23:12.914] [bmv2] [D] [thread 31014] Entry 3 added to table 'MyIngress.ipv4_lpm'
[09:23:12.915] [bmv2] [D] [thread 31014] Dumping entry 3
Match key:
* hdr.ipv4.dstAddr    : LPM       0a000404/32
Action entry: MyIngress.ipv4_forward - 80000000200,2,

[09:23:14.637] [bmv2] [D] [thread 30960] [7.0] [cxt 0] Processing packet received on port 1
[09:23:14.637] [bmv2] [D] [thread 30960] [7.0] [cxt 0] Parser 'parser': start
[09:23:14.637] [bmv2] [D] [thread 30960] [7.0] [cxt 0] Parser 'parser' entering state 'start'
[09:23:14.637] [bmv2] [D] [thread 30960] [7.0] [cxt 0] Parser state 'start' has no switch, going to default next state
[09:23:14.637] [bmv2] [T] [thread 30960] [7.0] [cxt 0] Bytes parsed: 0
[09:23:14.637] [bmv2] [D] [thread 30960] [7.0] [cxt 0] Parser 'parser': end
[09:23:14.637] [bmv2] [D] [thread 30960] [7.0] [cxt 0] Pipeline 'ingress': start
[09:23:14.637] [bmv2] [T] [thread 30960] [7.0] [cxt 0] Applying table 'MyIngress.ipv4_lpm'
[09:23:14.637] [bmv2] [D] [thread 30960] [7.0] [cxt 0] Looking up key:
* hdr.ipv4.dstAddr    : 00000000

[09:23:14.637] [bmv2] [D] [thread 30960] [7.0] [cxt 0] Table 'MyIngress.ipv4_lpm': miss
[09:23:14.637] [bmv2] [D] [thread 30960] [7.0] [cxt 0] Action entry is MyIngress.drop - 
[09:23:14.637] [bmv2] [T] [thread 30960] [7.0] [cxt 0] Action MyIngress.drop
[09:23:14.637] [bmv2] [T] [thread 30960] [7.0] [cxt 0] basic.p4(78) Primitive mark_to_drop(standard_metadata)
[09:23:14.637] [bmv2] [D] [thread 30960] [7.0] [cxt 0] Pipeline 'ingress': end
[09:23:14.637] [bmv2] [D] [thread 30960] [7.0] [cxt 0] Egress port is 511
[09:23:14.637] [bmv2] [D] [thread 30960] [7.0] [cxt 0] Dropping packet at the end of ingress
[09:23:14.885] [bmv2] [D] [thread 30960] [8.0] [cxt 0] Processing packet received on port 1
[09:23:14.885] [bmv2] [D] [thread 30960] [8.0] [cxt 0] Parser 'parser': start
[09:23:14.885] [bmv2] [D] [thread 30960] [8.0] [cxt 0] Parser 'parser' entering state 'start'
[09:23:14.885] [bmv2] [D] [thread 30960] [8.0] [cxt 0] Parser state 'start' has no switch, going to default next state
[09:23:14.885] [bmv2] [T] [thread 30960] [8.0] [cxt 0] Bytes parsed: 0
[09:23:14.885] [bmv2] [D] [thread 30960] [8.0] [cxt 0] Parser 'parser': end
[09:23:14.885] [bmv2] [D] [thread 30960] [8.0] [cxt 0] Pipeline 'ingress': start
[09:23:14.885] [bmv2] [T] [thread 30960] [8.0] [cxt 0] Applying table 'MyIngress.ipv4_lpm'
[09:23:14.885] [bmv2] [D] [thread 30960] [8.0] [cxt 0] Looking up key:
* hdr.ipv4.dstAddr    : 00000000

[09:23:14.885] [bmv2] [D] [thread 30960] [8.0] [cxt 0] Table 'MyIngress.ipv4_lpm': miss
[09:23:14.885] [bmv2] [D] [thread 30960] [8.0] [cxt 0] Action entry is MyIngress.drop - 
[09:23:14.885] [bmv2] [T] [thread 30960] [8.0] [cxt 0] Action MyIngress.drop
[09:23:14.886] [bmv2] [T] [thread 30960] [8.0] [cxt 0] basic.p4(78) Primitive mark_to_drop(standard_metadata)
[09:23:14.886] [bmv2] [D] [thread 30960] [8.0] [cxt 0] Pipeline 'ingress': end
[09:23:14.886] [bmv2] [D] [thread 30960] [8.0] [cxt 0] Egress port is 511
[09:23:14.886] [bmv2] [D] [thread 30960] [8.0] [cxt 0] Dropping packet at the end of ingress
[09:23:14.886] [bmv2] [D] [thread 30960] [9.0] [cxt 0] Processing packet received on port 2
[09:23:14.886] [bmv2] [D] [thread 30960] [9.0] [cxt 0] Parser 'parser': start
[09:23:14.886] [bmv2] [D] [thread 30960] [9.0] [cxt 0] Parser 'parser' entering state 'start'
[09:23:14.886] [bmv2] [D] [thread 30960] [9.0] [cxt 0] Parser state 'start' has no switch, going to default next state
[09:23:14.886] [bmv2] [T] [thread 30960] [9.0] [cxt 0] Bytes parsed: 0
[09:23:14.886] [bmv2] [D] [thread 30960] [9.0] [cxt 0] Parser 'parser': end
[09:23:14.886] [bmv2] [D] [thread 30960] [9.0] [cxt 0] Pipeline 'ingress': start
[09:23:14.886] [bmv2] [T] [thread 30960] [9.0] [cxt 0] Applying table 'MyIngress.ipv4_lpm'
[09:23:14.886] [bmv2] [D] [thread 30960] [9.0] [cxt 0] Looking up key:
* hdr.ipv4.dstAddr    : 00000000

[09:23:14.886] [bmv2] [D] [thread 30960] [9.0] [cxt 0] Table 'MyIngress.ipv4_lpm': miss
[09:23:14.886] [bmv2] [D] [thread 30960] [9.0] [cxt 0] Action entry is MyIngress.drop - 
[09:23:14.886] [bmv2] [T] [thread 30960] [9.0] [cxt 0] Action MyIngress.drop
[09:23:14.886] [bmv2] [T] [thread 30960] [9.0] [cxt 0] basic.p4(78) Primitive mark_to_drop(standard_metadata)
[09:23:14.886] [bmv2] [D] [thread 30960] [9.0] [cxt 0] Pipeline 'ingress': end
[09:23:14.886] [bmv2] [D] [thread 30960] [9.0] [cxt 0] Egress port is 511
[09:23:14.886] [bmv2] [D] [thread 30960] [9.0] [cxt 0] Dropping packet at the end of ingress
[09:23:15.398] [bmv2] [D] [thread 30960] [10.0] [cxt 0] Processing packet received on port 2
[09:23:15.398] [bmv2] [D] [thread 30960] [10.0] [cxt 0] Parser 'parser': start
[09:23:15.398] [bmv2] [D] [thread 30960] [10.0] [cxt 0] Parser 'parser' entering state 'start'
[09:23:15.398] [bmv2] [D] [thread 30960] [10.0] [cxt 0] Parser state 'start' has no switch, going to default next state
[09:23:15.398] [bmv2] [T] [thread 30960] [10.0] [cxt 0] Bytes parsed: 0
[09:23:15.398] [bmv2] [D] [thread 30960] [10.0] [cxt 0] Parser 'parser': end
[09:23:15.398] [bmv2] [D] [thread 30960] [10.0] [cxt 0] Pipeline 'ingress': start
[09:23:15.398] [bmv2] [T] [thread 30960] [10.0] [cxt 0] Applying table 'MyIngress.ipv4_lpm'
[09:23:15.398] [bmv2] [D] [thread 30960] [10.0] [cxt 0] Looking up key:
* hdr.ipv4.dstAddr    : 00000000

[09:23:15.398] [bmv2] [D] [thread 30960] [10.0] [cxt 0] Table 'MyIngress.ipv4_lpm': miss
[09:23:15.398] [bmv2] [D] [thread 30960] [10.0] [cxt 0] Action entry is MyIngress.drop - 
[09:23:15.398] [bmv2] [T] [thread 30960] [10.0] [cxt 0] Action MyIngress.drop
[09:23:15.398] [bmv2] [T] [thread 30960] [10.0] [cxt 0] basic.p4(78) Primitive mark_to_drop(standard_metadata)
[09:23:15.398] [bmv2] [D] [thread 30960] [10.0] [cxt 0] Pipeline 'ingress': end
[09:23:15.398] [bmv2] [D] [thread 30960] [10.0] [cxt 0] Egress port is 511
[09:23:15.398] [bmv2] [D] [thread 30960] [10.0] [cxt 0] Dropping packet at the end of ingress
[09:23:23.076] [bmv2] [D] [thread 30960] [11.0] [cxt 0] Processing packet received on port 1
[09:23:23.076] [bmv2] [D] [thread 30960] [11.0] [cxt 0] Parser 'parser': start
[09:23:23.076] [bmv2] [D] [thread 30960] [11.0] [cxt 0] Parser 'parser' entering state 'start'
[09:23:23.076] [bmv2] [D] [thread 30960] [11.0] [cxt 0] Parser state 'start' has no switch, going to default next state
[09:23:23.076] [bmv2] [T] [thread 30960] [11.0] [cxt 0] Bytes parsed: 0
[09:23:23.076] [bmv2] [D] [thread 30960] [11.0] [cxt 0] Parser 'parser': end
[09:23:23.076] [bmv2] [D] [thread 30960] [11.0] [cxt 0] Pipeline 'ingress': start
[09:23:23.076] [bmv2] [T] [thread 30960] [11.0] [cxt 0] Applying table 'MyIngress.ipv4_lpm'
[09:23:23.076] [bmv2] [D] [thread 30960] [11.0] [cxt 0] Looking up key:
* hdr.ipv4.dstAddr    : 00000000

[09:23:23.076] [bmv2] [D] [thread 30960] [11.0] [cxt 0] Table 'MyIngress.ipv4_lpm': miss
[09:23:23.076] [bmv2] [D] [thread 30960] [11.0] [cxt 0] Action entry is MyIngress.drop - 
[09:23:23.076] [bmv2] [T] [thread 30960] [11.0] [cxt 0] Action MyIngress.drop
[09:23:23.076] [bmv2] [T] [thread 30960] [11.0] [cxt 0] basic.p4(78) Primitive mark_to_drop(standard_metadata)
[09:23:23.076] [bmv2] [D] [thread 30960] [11.0] [cxt 0] Pipeline 'ingress': end
[09:23:23.076] [bmv2] [D] [thread 30960] [11.0] [cxt 0] Egress port is 511
[09:23:23.076] [bmv2] [D] [thread 30960] [11.0] [cxt 0] Dropping packet at the end of ingress
[09:23:23.076] [bmv2] [D] [thread 30960] [12.0] [cxt 0] Processing packet received on port 2
[09:23:23.076] [bmv2] [D] [thread 30960] [12.0] [cxt 0] Parser 'parser': start
[09:23:23.076] [bmv2] [D] [thread 30960] [12.0] [cxt 0] Parser 'parser' entering state 'start'
[09:23:23.076] [bmv2] [D] [thread 30960] [12.0] [cxt 0] Parser state 'start' has no switch, going to default next state
[09:23:23.076] [bmv2] [T] [thread 30960] [12.0] [cxt 0] Bytes parsed: 0
[09:23:23.076] [bmv2] [D] [thread 30960] [12.0] [cxt 0] Parser 'parser': end
[09:23:23.076] [bmv2] [D] [thread 30960] [12.0] [cxt 0] Pipeline 'ingress': start
[09:23:23.076] [bmv2] [T] [thread 30960] [12.0] [cxt 0] Applying table 'MyIngress.ipv4_lpm'
[09:23:23.076] [bmv2] [D] [thread 30960] [12.0] [cxt 0] Looking up key:
* hdr.ipv4.dstAddr    : 00000000

[09:23:23.076] [bmv2] [D] [thread 30960] [12.0] [cxt 0] Table 'MyIngress.ipv4_lpm': miss
[09:23:23.076] [bmv2] [D] [thread 30960] [12.0] [cxt 0] Action entry is MyIngress.drop - 
[09:23:23.076] [bmv2] [T] [thread 30960] [12.0] [cxt 0] Action MyIngress.drop
[09:23:23.076] [bmv2] [T] [thread 30960] [12.0] [cxt 0] basic.p4(78) Primitive mark_to_drop(standard_metadata)
[09:23:23.076] [bmv2] [D] [thread 30960] [12.0] [cxt 0] Pipeline 'ingress': end
[09:23:23.076] [bmv2] [D] [thread 30960] [12.0] [cxt 0] Egress port is 511
[09:23:23.076] [bmv2] [D] [thread 30960] [12.0] [cxt 0] Dropping packet at the end of ingress
[09:23:23.336] [bmv2] [D] [thread 30960] [13.0] [cxt 0] Processing packet received on port 1
[09:23:23.336] [bmv2] [D] [thread 30960] [13.0] [cxt 0] Parser 'parser': start
[09:23:23.336] [bmv2] [D] [thread 30960] [13.0] [cxt 0] Parser 'parser' entering state 'start'
[09:23:23.336] [bmv2] [D] [thread 30960] [13.0] [cxt 0] Parser state 'start' has no switch, going to default next state
[09:23:23.336] [bmv2] [T] [thread 30960] [13.0] [cxt 0] Bytes parsed: 0
[09:23:23.336] [bmv2] [D] [thread 30960] [13.0] [cxt 0] Parser 'parser': end
[09:23:23.336] [bmv2] [D] [thread 30960] [13.0] [cxt 0] Pipeline 'ingress': start
[09:23:23.336] [bmv2] [T] [thread 30960] [13.0] [cxt 0] Applying table 'MyIngress.ipv4_lpm'
[09:23:23.336] [bmv2] [D] [thread 30960] [13.0] [cxt 0] Looking up key:
* hdr.ipv4.dstAddr    : 00000000

[09:23:23.336] [bmv2] [D] [thread 30960] [13.0] [cxt 0] Table 'MyIngress.ipv4_lpm': miss
[09:23:23.337] [bmv2] [D] [thread 30960] [13.0] [cxt 0] Action entry is MyIngress.drop - 
[09:23:23.337] [bmv2] [T] [thread 30960] [13.0] [cxt 0] Action MyIngress.drop
[09:23:23.337] [bmv2] [T] [thread 30960] [13.0] [cxt 0] basic.p4(78) Primitive mark_to_drop(standard_metadata)
[09:23:23.337] [bmv2] [D] [thread 30960] [13.0] [cxt 0] Pipeline 'ingress': end
[09:23:23.337] [bmv2] [D] [thread 30960] [13.0] [cxt 0] Egress port is 511
[09:23:23.337] [bmv2] [D] [thread 30960] [13.0] [cxt 0] Dropping packet at the end of ingress
[09:23:24.102] [bmv2] [D] [thread 30960] [14.0] [cxt 0] Processing packet received on port 2
[09:23:24.102] [bmv2] [D] [thread 30960] [14.0] [cxt 0] Parser 'parser': start
[09:23:24.102] [bmv2] [D] [thread 30960] [14.0] [cxt 0] Parser 'parser' entering state 'start'
[09:23:24.102] [bmv2] [D] [thread 30960] [14.0] [cxt 0] Parser state 'start' has no switch, going to default next state
[09:23:24.102] [bmv2] [T] [thread 30960] [14.0] [cxt 0] Bytes parsed: 0
[09:23:24.102] [bmv2] [D] [thread 30960] [14.0] [cxt 0] Parser 'parser': end
[09:23:24.102] [bmv2] [D] [thread 30960] [14.0] [cxt 0] Pipeline 'ingress': start
[09:23:24.102] [bmv2] [T] [thread 30960] [14.0] [cxt 0] Applying table 'MyIngress.ipv4_lpm'
[09:23:24.102] [bmv2] [D] [thread 30960] [14.0] [cxt 0] Looking up key:
* hdr.ipv4.dstAddr    : 00000000

[09:23:24.102] [bmv2] [D] [thread 30960] [14.0] [cxt 0] Table 'MyIngress.ipv4_lpm': miss
[09:23:24.102] [bmv2] [D] [thread 30960] [14.0] [cxt 0] Action entry is MyIngress.drop - 
[09:23:24.102] [bmv2] [T] [thread 30960] [14.0] [cxt 0] Action MyIngress.drop
[09:23:24.102] [bmv2] [T] [thread 30960] [14.0] [cxt 0] basic.p4(78) Primitive mark_to_drop(standard_metadata)
[09:23:24.102] [bmv2] [D] [thread 30960] [14.0] [cxt 0] Pipeline 'ingress': end
[09:23:24.102] [bmv2] [D] [thread 30960] [14.0] [cxt 0] Egress port is 511
[09:23:24.103] [bmv2] [D] [thread 30960] [14.0] [cxt 0] Dropping packet at the end of ingress
[09:23:39.205] [bmv2] [D] [thread 30960] [15.0] [cxt 0] Processing packet received on port 2
[09:23:39.205] [bmv2] [D] [thread 30960] [15.0] [cxt 0] Parser 'parser': start
[09:23:39.205] [bmv2] [D] [thread 30960] [15.0] [cxt 0] Parser 'parser' entering state 'start'
[09:23:39.205] [bmv2] [D] [thread 30960] [15.0] [cxt 0] Parser state 'start' has no switch, going to default next state
[09:23:39.205] [bmv2] [T] [thread 30960] [15.0] [cxt 0] Bytes parsed: 0
[09:23:39.205] [bmv2] [D] [thread 30960] [15.0] [cxt 0] Parser 'parser': end
[09:23:39.205] [bmv2] [D] [thread 30960] [15.0] [cxt 0] Pipeline 'ingress': start
[09:23:39.205] [bmv2] [T] [thread 30960] [15.0] [cxt 0] Applying table 'MyIngress.ipv4_lpm'
[09:23:39.205] [bmv2] [D] [thread 30960] [15.0] [cxt 0] Looking up key:
* hdr.ipv4.dstAddr    : 00000000

[09:23:39.205] [bmv2] [D] [thread 30960] [15.0] [cxt 0] Table 'MyIngress.ipv4_lpm': miss
[09:23:39.205] [bmv2] [D] [thread 30960] [15.0] [cxt 0] Action entry is MyIngress.drop - 
[09:23:39.205] [bmv2] [T] [thread 30960] [15.0] [cxt 0] Action MyIngress.drop
[09:23:39.205] [bmv2] [T] [thread 30960] [15.0] [cxt 0] basic.p4(78) Primitive mark_to_drop(standard_metadata)
[09:23:39.205] [bmv2] [D] [thread 30960] [15.0] [cxt 0] Pipeline 'ingress': end
[09:23:39.206] [bmv2] [D] [thread 30960] [15.0] [cxt 0] Egress port is 511
[09:23:39.206] [bmv2] [D] [thread 30960] [15.0] [cxt 0] Dropping packet at the end of ingress
[09:23:40.742] [bmv2] [D] [thread 30960] [16.0] [cxt 0] Processing packet received on port 1
[09:23:40.742] [bmv2] [D] [thread 30960] [16.0] [cxt 0] Parser 'parser': start
[09:23:40.742] [bmv2] [D] [thread 30960] [16.0] [cxt 0] Parser 'parser' entering state 'start'
[09:23:40.742] [bmv2] [D] [thread 30960] [16.0] [cxt 0] Parser state 'start' has no switch, going to default next state
[09:23:40.742] [bmv2] [T] [thread 30960] [16.0] [cxt 0] Bytes parsed: 0
[09:23:40.742] [bmv2] [D] [thread 30960] [16.0] [cxt 0] Parser 'parser': end
[09:23:40.742] [bmv2] [D] [thread 30960] [16.0] [cxt 0] Pipeline 'ingress': start
[09:23:40.742] [bmv2] [T] [thread 30960] [16.0] [cxt 0] Applying table 'MyIngress.ipv4_lpm'
[09:23:40.742] [bmv2] [D] [thread 30960] [16.0] [cxt 0] Looking up key:
* hdr.ipv4.dstAddr    : 00000000

[09:23:40.742] [bmv2] [D] [thread 30960] [16.0] [cxt 0] Table 'MyIngress.ipv4_lpm': miss
[09:23:40.742] [bmv2] [D] [thread 30960] [16.0] [cxt 0] Action entry is MyIngress.drop - 
[09:23:40.742] [bmv2] [T] [thread 30960] [16.0] [cxt 0] Action MyIngress.drop
[09:23:40.742] [bmv2] [T] [thread 30960] [16.0] [cxt 0] basic.p4(78) Primitive mark_to_drop(standard_metadata)
[09:23:40.742] [bmv2] [D] [thread 30960] [16.0] [cxt 0] Pipeline 'ingress': end
[09:23:40.742] [bmv2] [D] [thread 30960] [16.0] [cxt 0] Egress port is 511
[09:23:40.742] [bmv2] [D] [thread 30960] [16.0] [cxt 0] Dropping packet at the end of ingress
[09:23:40.742] [bmv2] [D] [thread 30960] [17.0] [cxt 0] Processing packet received on port 1
[09:23:40.742] [bmv2] [D] [thread 30960] [17.0] [cxt 0] Parser 'parser': start
[09:23:40.742] [bmv2] [D] [thread 30960] [17.0] [cxt 0] Parser 'parser' entering state 'start'
[09:23:40.742] [bmv2] [D] [thread 30960] [17.0] [cxt 0] Parser state 'start' has no switch, going to default next state
[09:23:40.742] [bmv2] [T] [thread 30960] [17.0] [cxt 0] Bytes parsed: 0
[09:23:40.742] [bmv2] [D] [thread 30960] [17.0] [cxt 0] Parser 'parser': end
[09:23:40.742] [bmv2] [D] [thread 30960] [17.0] [cxt 0] Pipeline 'ingress': start
[09:23:40.742] [bmv2] [T] [thread 30960] [17.0] [cxt 0] Applying table 'MyIngress.ipv4_lpm'
[09:23:40.742] [bmv2] [D] [thread 30960] [17.0] [cxt 0] Looking up key:
* hdr.ipv4.dstAddr    : 00000000

[09:23:40.742] [bmv2] [D] [thread 30960] [17.0] [cxt 0] Table 'MyIngress.ipv4_lpm': miss
[09:23:40.742] [bmv2] [D] [thread 30960] [17.0] [cxt 0] Action entry is MyIngress.drop - 
[09:23:40.742] [bmv2] [T] [thread 30960] [17.0] [cxt 0] Action MyIngress.drop
[09:23:40.742] [bmv2] [T] [thread 30960] [17.0] [cxt 0] basic.p4(78) Primitive mark_to_drop(standard_metadata)
[09:23:40.742] [bmv2] [D] [thread 30960] [17.0] [cxt 0] Pipeline 'ingress': end
[09:23:40.742] [bmv2] [D] [thread 30960] [17.0] [cxt 0] Egress port is 511
[09:23:40.742] [bmv2] [D] [thread 30960] [17.0] [cxt 0] Dropping packet at the end of ingress
[09:23:42.788] [bmv2] [D] [thread 30960] [18.0] [cxt 0] Processing packet received on port 2
[09:23:42.788] [bmv2] [D] [thread 30960] [18.0] [cxt 0] Parser 'parser': start
[09:23:42.788] [bmv2] [D] [thread 30960] [18.0] [cxt 0] Parser 'parser' entering state 'start'
[09:23:42.788] [bmv2] [D] [thread 30960] [18.0] [cxt 0] Parser state 'start' has no switch, going to default next state
[09:23:42.788] [bmv2] [T] [thread 30960] [18.0] [cxt 0] Bytes parsed: 0
[09:23:42.788] [bmv2] [D] [thread 30960] [18.0] [cxt 0] Parser 'parser': end
[09:23:42.788] [bmv2] [D] [thread 30960] [18.0] [cxt 0] Pipeline 'ingress': start
[09:23:42.788] [bmv2] [T] [thread 30960] [18.0] [cxt 0] Applying table 'MyIngress.ipv4_lpm'
[09:23:42.788] [bmv2] [D] [thread 30960] [18.0] [cxt 0] Looking up key:
* hdr.ipv4.dstAddr    : 00000000

[09:23:42.788] [bmv2] [D] [thread 30960] [18.0] [cxt 0] Table 'MyIngress.ipv4_lpm': miss
[09:23:42.788] [bmv2] [D] [thread 30960] [18.0] [cxt 0] Action entry is MyIngress.drop - 
[09:23:42.788] [bmv2] [T] [thread 30960] [18.0] [cxt 0] Action MyIngress.drop
[09:23:42.788] [bmv2] [T] [thread 30960] [18.0] [cxt 0] basic.p4(78) Primitive mark_to_drop(standard_metadata)
[09:23:42.789] [bmv2] [D] [thread 30960] [18.0] [cxt 0] Pipeline 'ingress': end
[09:23:42.789] [bmv2] [D] [thread 30960] [18.0] [cxt 0] Egress port is 511
[09:23:42.789] [bmv2] [D] [thread 30960] [18.0] [cxt 0] Dropping packet at the end of ingress
[09:24:13.511] [bmv2] [D] [thread 30960] [19.0] [cxt 0] Processing packet received on port 2
[09:24:13.511] [bmv2] [D] [thread 30960] [19.0] [cxt 0] Parser 'parser': start
[09:24:13.511] [bmv2] [D] [thread 30960] [19.0] [cxt 0] Parser 'parser' entering state 'start'
[09:24:13.511] [bmv2] [D] [thread 30960] [19.0] [cxt 0] Parser state 'start' has no switch, going to default next state
[09:24:13.511] [bmv2] [T] [thread 30960] [19.0] [cxt 0] Bytes parsed: 0
[09:24:13.511] [bmv2] [D] [thread 30960] [19.0] [cxt 0] Parser 'parser': end
[09:24:13.511] [bmv2] [D] [thread 30960] [19.0] [cxt 0] Pipeline 'ingress': start
[09:24:13.511] [bmv2] [T] [thread 30960] [19.0] [cxt 0] Applying table 'MyIngress.ipv4_lpm'
[09:24:13.511] [bmv2] [D] [thread 30960] [19.0] [cxt 0] Looking up key:
* hdr.ipv4.dstAddr    : 00000000

[09:24:13.511] [bmv2] [D] [thread 30960] [19.0] [cxt 0] Table 'MyIngress.ipv4_lpm': miss
[09:24:13.511] [bmv2] [D] [thread 30960] [19.0] [cxt 0] Action entry is MyIngress.drop - 
[09:24:13.511] [bmv2] [T] [thread 30960] [19.0] [cxt 0] Action MyIngress.drop
[09:24:13.511] [bmv2] [T] [thread 30960] [19.0] [cxt 0] basic.p4(78) Primitive mark_to_drop(standard_metadata)
[09:24:13.511] [bmv2] [D] [thread 30960] [19.0] [cxt 0] Pipeline 'ingress': end
[09:24:13.511] [bmv2] [D] [thread 30960] [19.0] [cxt 0] Egress port is 511
[09:24:13.511] [bmv2] [D] [thread 30960] [19.0] [cxt 0] Dropping packet at the end of ingress
[09:24:17.605] [bmv2] [D] [thread 30960] [20.0] [cxt 0] Processing packet received on port 1
[09:24:17.605] [bmv2] [D] [thread 30960] [20.0] [cxt 0] Parser 'parser': start
[09:24:17.605] [bmv2] [D] [thread 30960] [20.0] [cxt 0] Parser 'parser' entering state 'start'
[09:24:17.605] [bmv2] [D] [thread 30960] [20.0] [cxt 0] Parser state 'start' has no switch, going to default next state
[09:24:17.605] [bmv2] [T] [thread 30960] [20.0] [cxt 0] Bytes parsed: 0
[09:24:17.605] [bmv2] [D] [thread 30960] [20.0] [cxt 0] Parser 'parser': end
[09:24:17.605] [bmv2] [D] [thread 30960] [20.0] [cxt 0] Pipeline 'ingress': start
[09:24:17.605] [bmv2] [T] [thread 30960] [20.0] [cxt 0] Applying table 'MyIngress.ipv4_lpm'
[09:24:17.605] [bmv2] [D] [thread 30960] [20.0] [cxt 0] Looking up key:
* hdr.ipv4.dstAddr    : 00000000

[09:24:17.605] [bmv2] [D] [thread 30960] [20.0] [cxt 0] Table 'MyIngress.ipv4_lpm': miss
[09:24:17.605] [bmv2] [D] [thread 30960] [20.0] [cxt 0] Action entry is MyIngress.drop - 
[09:24:17.605] [bmv2] [T] [thread 30960] [20.0] [cxt 0] Action MyIngress.drop
[09:24:17.605] [bmv2] [T] [thread 30960] [20.0] [cxt 0] basic.p4(78) Primitive mark_to_drop(standard_metadata)
[09:24:17.605] [bmv2] [D] [thread 30960] [20.0] [cxt 0] Pipeline 'ingress': end
[09:24:17.605] [bmv2] [D] [thread 30960] [20.0] [cxt 0] Egress port is 511
[09:24:17.605] [bmv2] [D] [thread 30960] [20.0] [cxt 0] Dropping packet at the end of ingress
[09:24:17.605] [bmv2] [D] [thread 30960] [21.0] [cxt 0] Processing packet received on port 1
[09:24:17.605] [bmv2] [D] [thread 30960] [21.0] [cxt 0] Parser 'parser': start
[09:24:17.605] [bmv2] [D] [thread 30960] [21.0] [cxt 0] Parser 'parser' entering state 'start'
[09:24:17.605] [bmv2] [D] [thread 30960] [21.0] [cxt 0] Parser state 'start' has no switch, going to default next state
[09:24:17.605] [bmv2] [T] [thread 30960] [21.0] [cxt 0] Bytes parsed: 0
[09:24:17.605] [bmv2] [D] [thread 30960] [21.0] [cxt 0] Parser 'parser': end
[09:24:17.605] [bmv2] [D] [thread 30960] [21.0] [cxt 0] Pipeline 'ingress': start
[09:24:17.605] [bmv2] [T] [thread 30960] [21.0] [cxt 0] Applying table 'MyIngress.ipv4_lpm'
[09:24:17.605] [bmv2] [D] [thread 30960] [21.0] [cxt 0] Looking up key:
* hdr.ipv4.dstAddr    : 00000000

[09:24:17.605] [bmv2] [D] [thread 30960] [21.0] [cxt 0] Table 'MyIngress.ipv4_lpm': miss
[09:24:17.605] [bmv2] [D] [thread 30960] [21.0] [cxt 0] Action entry is MyIngress.drop - 
[09:24:17.605] [bmv2] [T] [thread 30960] [21.0] [cxt 0] Action MyIngress.drop
[09:24:17.605] [bmv2] [T] [thread 30960] [21.0] [cxt 0] basic.p4(78) Primitive mark_to_drop(standard_metadata)
[09:24:17.605] [bmv2] [D] [thread 30960] [21.0] [cxt 0] Pipeline 'ingress': end
[09:24:17.605] [bmv2] [D] [thread 30960] [21.0] [cxt 0] Egress port is 511
[09:24:17.605] [bmv2] [D] [thread 30960] [21.0] [cxt 0] Dropping packet at the end of ingress
[09:24:19.653] [bmv2] [D] [thread 30960] [22.0] [cxt 0] Processing packet received on port 2
[09:24:19.653] [bmv2] [D] [thread 30960] [22.0] [cxt 0] Parser 'parser': start
[09:24:19.653] [bmv2] [D] [thread 30960] [22.0] [cxt 0] Parser 'parser' entering state 'start'
[09:24:19.653] [bmv2] [D] [thread 30960] [22.0] [cxt 0] Parser state 'start' has no switch, going to default next state
[09:24:19.653] [bmv2] [T] [thread 30960] [22.0] [cxt 0] Bytes parsed: 0
[09:24:19.653] [bmv2] [D] [thread 30960] [22.0] [cxt 0] Parser 'parser': end
[09:24:19.653] [bmv2] [D] [thread 30960] [22.0] [cxt 0] Pipeline 'ingress': start
[09:24:19.653] [bmv2] [T] [thread 30960] [22.0] [cxt 0] Applying table 'MyIngress.ipv4_lpm'
[09:24:19.653] [bmv2] [D] [thread 30960] [22.0] [cxt 0] Looking up key:
* hdr.ipv4.dstAddr    : 00000000

[09:24:19.653] [bmv2] [D] [thread 30960] [22.0] [cxt 0] Table 'MyIngress.ipv4_lpm': miss
[09:24:19.653] [bmv2] [D] [thread 30960] [22.0] [cxt 0] Action entry is MyIngress.drop - 
[09:24:19.653] [bmv2] [T] [thread 30960] [22.0] [cxt 0] Action MyIngress.drop
[09:24:19.653] [bmv2] [T] [thread 30960] [22.0] [cxt 0] basic.p4(78) Primitive mark_to_drop(standard_metadata)
[09:24:19.653] [bmv2] [D] [thread 30960] [22.0] [cxt 0] Pipeline 'ingress': end
[09:24:19.653] [bmv2] [D] [thread 30960] [22.0] [cxt 0] Egress port is 511
[09:24:19.653] [bmv2] [D] [thread 30960] [22.0] [cxt 0] Dropping packet at the end of ingress
[09:25:23.145] [bmv2] [D] [thread 30960] [23.0] [cxt 0] Processing packet received on port 2
[09:25:23.145] [bmv2] [D] [thread 30960] [23.0] [cxt 0] Parser 'parser': start
[09:25:23.145] [bmv2] [D] [thread 30960] [23.0] [cxt 0] Parser 'parser' entering state 'start'
[09:25:23.145] [bmv2] [D] [thread 30960] [23.0] [cxt 0] Parser state 'start' has no switch, going to default next state
[09:25:23.145] [bmv2] [T] [thread 30960] [23.0] [cxt 0] Bytes parsed: 0
[09:25:23.145] [bmv2] [D] [thread 30960] [23.0] [cxt 0] Parser 'parser': end
[09:25:23.145] [bmv2] [D] [thread 30960] [23.0] [cxt 0] Pipeline 'ingress': start
[09:25:23.145] [bmv2] [T] [thread 30960] [23.0] [cxt 0] Applying table 'MyIngress.ipv4_lpm'
[09:25:23.145] [bmv2] [D] [thread 30960] [23.0] [cxt 0] Looking up key:
* hdr.ipv4.dstAddr    : 00000000

[09:25:23.145] [bmv2] [D] [thread 30960] [23.0] [cxt 0] Table 'MyIngress.ipv4_lpm': miss
[09:25:23.145] [bmv2] [D] [thread 30960] [23.0] [cxt 0] Action entry is MyIngress.drop - 
[09:25:23.145] [bmv2] [T] [thread 30960] [23.0] [cxt 0] Action MyIngress.drop
[09:25:23.145] [bmv2] [T] [thread 30960] [23.0] [cxt 0] basic.p4(78) Primitive mark_to_drop(standard_metadata)
[09:25:23.145] [bmv2] [D] [thread 30960] [23.0] [cxt 0] Pipeline 'ingress': end
[09:25:23.145] [bmv2] [D] [thread 30960] [23.0] [cxt 0] Egress port is 511
[09:25:23.145] [bmv2] [D] [thread 30960] [23.0] [cxt 0] Dropping packet at the end of ingress
[09:25:25.209] [bmv2] [D] [thread 30960] [24.0] [cxt 0] Processing packet received on port 1
[09:25:25.209] [bmv2] [D] [thread 30960] [24.0] [cxt 0] Parser 'parser': start
[09:25:25.209] [bmv2] [D] [thread 30960] [24.0] [cxt 0] Parser 'parser' entering state 'start'
[09:25:25.209] [bmv2] [D] [thread 30960] [24.0] [cxt 0] Parser state 'start' has no switch, going to default next state
[09:25:25.209] [bmv2] [T] [thread 30960] [24.0] [cxt 0] Bytes parsed: 0
[09:25:25.209] [bmv2] [D] [thread 30960] [24.0] [cxt 0] Parser 'parser': end
[09:25:25.209] [bmv2] [D] [thread 30960] [24.0] [cxt 0] Pipeline 'ingress': start
[09:25:25.209] [bmv2] [T] [thread 30960] [24.0] [cxt 0] Applying table 'MyIngress.ipv4_lpm'
[09:25:25.209] [bmv2] [D] [thread 30960] [24.0] [cxt 0] Looking up key:
* hdr.ipv4.dstAddr    : 00000000

[09:25:25.209] [bmv2] [D] [thread 30960] [24.0] [cxt 0] Table 'MyIngress.ipv4_lpm': miss
[09:25:25.209] [bmv2] [D] [thread 30960] [24.0] [cxt 0] Action entry is MyIngress.drop - 
[09:25:25.209] [bmv2] [T] [thread 30960] [24.0] [cxt 0] Action MyIngress.drop
[09:25:25.209] [bmv2] [T] [thread 30960] [24.0] [cxt 0] basic.p4(78) Primitive mark_to_drop(standard_metadata)
[09:25:25.209] [bmv2] [D] [thread 30960] [24.0] [cxt 0] Pipeline 'ingress': end
[09:25:25.209] [bmv2] [D] [thread 30960] [24.0] [cxt 0] Egress port is 511
[09:25:25.209] [bmv2] [D] [thread 30960] [24.0] [cxt 0] Dropping packet at the end of ingress
[09:25:33.381] [bmv2] [D] [thread 30960] [25.0] [cxt 0] Processing packet received on port 1
[09:25:33.381] [bmv2] [D] [thread 30960] [25.0] [cxt 0] Parser 'parser': start
[09:25:33.381] [bmv2] [D] [thread 30960] [25.0] [cxt 0] Parser 'parser' entering state 'start'
[09:25:33.381] [bmv2] [D] [thread 30960] [25.0] [cxt 0] Parser state 'start' has no switch, going to default next state
[09:25:33.381] [bmv2] [T] [thread 30960] [25.0] [cxt 0] Bytes parsed: 0
[09:25:33.381] [bmv2] [D] [thread 30960] [25.0] [cxt 0] Parser 'parser': end
[09:25:33.381] [bmv2] [D] [thread 30960] [25.0] [cxt 0] Pipeline 'ingress': start
[09:25:33.381] [bmv2] [T] [thread 30960] [25.0] [cxt 0] Applying table 'MyIngress.ipv4_lpm'
[09:25:33.381] [bmv2] [D] [thread 30960] [25.0] [cxt 0] Looking up key:
* hdr.ipv4.dstAddr    : 00000000

[09:25:33.381] [bmv2] [D] [thread 30960] [25.0] [cxt 0] Table 'MyIngress.ipv4_lpm': miss
[09:25:33.381] [bmv2] [D] [thread 30960] [25.0] [cxt 0] Action entry is MyIngress.drop - 
[09:25:33.381] [bmv2] [T] [thread 30960] [25.0] [cxt 0] Action MyIngress.drop
[09:25:33.381] [bmv2] [T] [thread 30960] [25.0] [cxt 0] basic.p4(78) Primitive mark_to_drop(standard_metadata)
[09:25:33.381] [bmv2] [D] [thread 30960] [25.0] [cxt 0] Pipeline 'ingress': end
[09:25:33.381] [bmv2] [D] [thread 30960] [25.0] [cxt 0] Egress port is 511
[09:25:33.381] [bmv2] [D] [thread 30960] [25.0] [cxt 0] Dropping packet at the end of ingress
[09:25:35.440] [bmv2] [D] [thread 30960] [26.0] [cxt 0] Processing packet received on port 2
[09:25:35.440] [bmv2] [D] [thread 30960] [26.0] [cxt 0] Parser 'parser': start
[09:25:35.440] [bmv2] [D] [thread 30960] [26.0] [cxt 0] Parser 'parser' entering state 'start'
[09:25:35.440] [bmv2] [D] [thread 30960] [26.0] [cxt 0] Parser state 'start' has no switch, going to default next state
[09:25:35.440] [bmv2] [T] [thread 30960] [26.0] [cxt 0] Bytes parsed: 0
[09:25:35.440] [bmv2] [D] [thread 30960] [26.0] [cxt 0] Parser 'parser': end
[09:25:35.440] [bmv2] [D] [thread 30960] [26.0] [cxt 0] Pipeline 'ingress': start
[09:25:35.440] [bmv2] [T] [thread 30960] [26.0] [cxt 0] Applying table 'MyIngress.ipv4_lpm'
[09:25:35.440] [bmv2] [D] [thread 30960] [26.0] [cxt 0] Looking up key:
* hdr.ipv4.dstAddr    : 00000000

[09:25:35.440] [bmv2] [D] [thread 30960] [26.0] [cxt 0] Table 'MyIngress.ipv4_lpm': miss
[09:25:35.440] [bmv2] [D] [thread 30960] [26.0] [cxt 0] Action entry is MyIngress.drop - 
[09:25:35.440] [bmv2] [T] [thread 30960] [26.0] [cxt 0] Action MyIngress.drop
[09:25:35.440] [bmv2] [T] [thread 30960] [26.0] [cxt 0] basic.p4(78) Primitive mark_to_drop(standard_metadata)
[09:25:35.440] [bmv2] [D] [thread 30960] [26.0] [cxt 0] Pipeline 'ingress': end
[09:25:35.440] [bmv2] [D] [thread 30960] [26.0] [cxt 0] Egress port is 511
[09:25:35.440] [bmv2] [D] [thread 30960] [26.0] [cxt 0] Dropping packet at the end of ingress
open: No such file or directory
open: No such file or directory
