Calling target program-options parser
[09:23:11.214] [bmv2] [D] [thread 30967] Set default default entry for table 'MyIngress.ipv4_lpm': NoAction - 
Adding interface s4-eth1 as port 1
[09:23:11.215] [bmv2] [D] [thread 30967] Adding interface s4-eth1 as port 1
Adding interface s4-eth2 as port 2
[09:23:11.256] [bmv2] [D] [thread 30967] Adding interface s4-eth2 as port 2
Server listening on 0.0.0.0:50054
[09:23:11.305] [bmv2] [I] [thread 30967] Starting Thrift server on port 9093
[09:23:11.306] [bmv2] [I] [thread 30967] Thrift server was started
[09:23:11.412] [bmv2] [D] [thread 30977] [0.0] [cxt 0] Processing packet received on port 2
[09:23:11.412] [bmv2] [D] [thread 30977] [0.0] [cxt 0] Parser 'parser': start
[09:23:11.412] [bmv2] [D] [thread 30977] [0.0] [cxt 0] Parser 'parser' entering state 'start'
[09:23:11.412] [bmv2] [D] [thread 30977] [0.0] [cxt 0] Parser state 'start' has no switch, going to default next state
[09:23:11.412] [bmv2] [T] [thread 30977] [0.0] [cxt 0] Bytes parsed: 0
[09:23:11.412] [bmv2] [D] [thread 30977] [0.0] [cxt 0] Parser 'parser': end
[09:23:11.412] [bmv2] [D] [thread 30977] [0.0] [cxt 0] Pipeline 'ingress': start
[09:23:11.412] [bmv2] [T] [thread 30977] [0.0] [cxt 0] Applying table 'MyIngress.ipv4_lpm'
[09:23:11.413] [bmv2] [D] [thread 30977] [0.0] [cxt 0] Looking up key:
* hdr.ipv4.dstAddr    : 00000000

[09:23:11.413] [bmv2] [D] [thread 30977] [0.0] [cxt 0] Table 'MyIngress.ipv4_lpm': miss
[09:23:11.413] [bmv2] [D] [thread 30977] [0.0] [cxt 0] Action entry is NoAction - 
[09:23:11.413] [bmv2] [T] [thread 30977] [0.0] [cxt 0] Action NoAction
[09:23:11.413] [bmv2] [D] [thread 30977] [0.0] [cxt 0] Pipeline 'ingress': end
[09:23:11.413] [bmv2] [D] [thread 30977] [0.0] [cxt 0] Egress port is 0
[09:23:11.413] [bmv2] [D] [thread 30978] [0.0] [cxt 0] Pipeline 'egress': start
[09:23:11.413] [bmv2] [D] [thread 30978] [0.0] [cxt 0] Pipeline 'egress': end
[09:23:11.413] [bmv2] [D] [thread 30978] [0.0] [cxt 0] Deparser 'deparser': start
[09:23:11.413] [bmv2] [T] [thread 30978] [0.0] [cxt 0] Skipping checksum 'cksum' update because condition not met
[09:23:11.413] [bmv2] [D] [thread 30978] [0.0] [cxt 0] Deparser 'deparser': end
[09:23:11.413] [bmv2] [D] [thread 30982] [0.0] [cxt 0] Transmitting packet of size 90 out of port 0
[09:23:12.922] [bmv2] [W] [thread 31021] [P4Runtime] p4::tmp::P4DeviceConfig is deprecated
[09:23:12.922] [bmv2] [D] [thread 31021] Set default default entry for table 'MyIngress.ipv4_lpm': NoAction - 
[09:23:12.923] [bmv2] [D] [thread 31021] simple_switch target has been notified of a config swap
[09:23:12.926] [bmv2] [D] [thread 31022] Set default entry for table 'MyIngress.ipv4_lpm': MyIngress.drop - 
[09:23:12.927] [bmv2] [D] [thread 31021] Entry 0 added to table 'MyIngress.ipv4_lpm'
[09:23:12.927] [bmv2] [D] [thread 31021] Dumping entry 0
Match key:
* hdr.ipv4.dstAddr    : LPM       0a000101/32
Action entry: MyIngress.ipv4_forward - 80000000100,2,

[09:23:12.929] [bmv2] [D] [thread 31022] Entry 1 added to table 'MyIngress.ipv4_lpm'
[09:23:12.929] [bmv2] [D] [thread 31022] Dumping entry 1
Match key:
* hdr.ipv4.dstAddr    : LPM       0a000202/32
Action entry: MyIngress.ipv4_forward - 80000000100,2,

[09:23:12.930] [bmv2] [D] [thread 31021] Entry 2 added to table 'MyIngress.ipv4_lpm'
[09:23:12.930] [bmv2] [D] [thread 31021] Dumping entry 2
Match key:
* hdr.ipv4.dstAddr    : LPM       0a000303/32
Action entry: MyIngress.ipv4_forward - 80000000200,1,

[09:23:12.931] [bmv2] [D] [thread 31022] Entry 3 added to table 'MyIngress.ipv4_lpm'
[09:23:12.931] [bmv2] [D] [thread 31022] Dumping entry 3
Match key:
* hdr.ipv4.dstAddr    : LPM       0a000404/32
Action entry: MyIngress.ipv4_forward - 80000000200,1,

[09:23:14.116] [bmv2] [D] [thread 30977] [1.0] [cxt 0] Processing packet received on port 2
[09:23:14.116] [bmv2] [D] [thread 30977] [1.0] [cxt 0] Parser 'parser': start
[09:23:14.116] [bmv2] [D] [thread 30977] [1.0] [cxt 0] Parser 'parser' entering state 'start'
[09:23:14.116] [bmv2] [D] [thread 30977] [1.0] [cxt 0] Parser state 'start' has no switch, going to default next state
[09:23:14.116] [bmv2] [T] [thread 30977] [1.0] [cxt 0] Bytes parsed: 0
[09:23:14.116] [bmv2] [D] [thread 30977] [1.0] [cxt 0] Parser 'parser': end
[09:23:14.116] [bmv2] [D] [thread 30977] [1.0] [cxt 0] Pipeline 'ingress': start
[09:23:14.116] [bmv2] [T] [thread 30977] [1.0] [cxt 0] Applying table 'MyIngress.ipv4_lpm'
[09:23:14.116] [bmv2] [D] [thread 30977] [1.0] [cxt 0] Looking up key:
* hdr.ipv4.dstAddr    : 00000000

[09:23:14.116] [bmv2] [D] [thread 30977] [1.0] [cxt 0] Table 'MyIngress.ipv4_lpm': miss
[09:23:14.116] [bmv2] [D] [thread 30977] [1.0] [cxt 0] Action entry is MyIngress.drop - 
[09:23:14.116] [bmv2] [T] [thread 30977] [1.0] [cxt 0] Action MyIngress.drop
[09:23:14.116] [bmv2] [T] [thread 30977] [1.0] [cxt 0] basic.p4(78) Primitive mark_to_drop(standard_metadata)
[09:23:14.116] [bmv2] [D] [thread 30977] [1.0] [cxt 0] Pipeline 'ingress': end
[09:23:14.116] [bmv2] [D] [thread 30977] [1.0] [cxt 0] Egress port is 511
[09:23:14.116] [bmv2] [D] [thread 30977] [1.0] [cxt 0] Dropping packet at the end of ingress
[09:23:14.373] [bmv2] [D] [thread 30977] [2.0] [cxt 0] Processing packet received on port 1
[09:23:14.373] [bmv2] [D] [thread 30977] [2.0] [cxt 0] Parser 'parser': start
[09:23:14.373] [bmv2] [D] [thread 30977] [2.0] [cxt 0] Parser 'parser' entering state 'start'
[09:23:14.373] [bmv2] [D] [thread 30977] [2.0] [cxt 0] Parser state 'start' has no switch, going to default next state
[09:23:14.373] [bmv2] [T] [thread 30977] [2.0] [cxt 0] Bytes parsed: 0
[09:23:14.373] [bmv2] [D] [thread 30977] [2.0] [cxt 0] Parser 'parser': end
[09:23:14.373] [bmv2] [D] [thread 30977] [2.0] [cxt 0] Pipeline 'ingress': start
[09:23:14.373] [bmv2] [T] [thread 30977] [2.0] [cxt 0] Applying table 'MyIngress.ipv4_lpm'
[09:23:14.373] [bmv2] [D] [thread 30977] [2.0] [cxt 0] Looking up key:
* hdr.ipv4.dstAddr    : 00000000

[09:23:14.373] [bmv2] [D] [thread 30977] [2.0] [cxt 0] Table 'MyIngress.ipv4_lpm': miss
[09:23:14.373] [bmv2] [D] [thread 30977] [2.0] [cxt 0] Action entry is MyIngress.drop - 
[09:23:14.373] [bmv2] [T] [thread 30977] [2.0] [cxt 0] Action MyIngress.drop
[09:23:14.373] [bmv2] [T] [thread 30977] [2.0] [cxt 0] basic.p4(78) Primitive mark_to_drop(standard_metadata)
[09:23:14.373] [bmv2] [D] [thread 30977] [2.0] [cxt 0] Pipeline 'ingress': end
[09:23:14.373] [bmv2] [D] [thread 30977] [2.0] [cxt 0] Egress port is 511
[09:23:14.373] [bmv2] [D] [thread 30977] [2.0] [cxt 0] Dropping packet at the end of ingress
[09:23:14.637] [bmv2] [D] [thread 30977] [3.0] [cxt 0] Processing packet received on port 1
[09:23:14.637] [bmv2] [D] [thread 30977] [3.0] [cxt 0] Parser 'parser': start
[09:23:14.637] [bmv2] [D] [thread 30977] [3.0] [cxt 0] Parser 'parser' entering state 'start'
[09:23:14.637] [bmv2] [D] [thread 30977] [3.0] [cxt 0] Parser state 'start' has no switch, going to default next state
[09:23:14.637] [bmv2] [T] [thread 30977] [3.0] [cxt 0] Bytes parsed: 0
[09:23:14.637] [bmv2] [D] [thread 30977] [3.0] [cxt 0] Parser 'parser': end
[09:23:14.637] [bmv2] [D] [thread 30977] [3.0] [cxt 0] Pipeline 'ingress': start
[09:23:14.637] [bmv2] [T] [thread 30977] [3.0] [cxt 0] Applying table 'MyIngress.ipv4_lpm'
[09:23:14.637] [bmv2] [D] [thread 30977] [3.0] [cxt 0] Looking up key:
* hdr.ipv4.dstAddr    : 00000000

[09:23:14.637] [bmv2] [D] [thread 30977] [3.0] [cxt 0] Table 'MyIngress.ipv4_lpm': miss
[09:23:14.637] [bmv2] [D] [thread 30977] [3.0] [cxt 0] Action entry is MyIngress.drop - 
[09:23:14.637] [bmv2] [T] [thread 30977] [3.0] [cxt 0] Action MyIngress.drop
[09:23:14.637] [bmv2] [T] [thread 30977] [3.0] [cxt 0] basic.p4(78) Primitive mark_to_drop(standard_metadata)
[09:23:14.637] [bmv2] [D] [thread 30977] [3.0] [cxt 0] Pipeline 'ingress': end
[09:23:14.637] [bmv2] [D] [thread 30977] [3.0] [cxt 0] Egress port is 511
[09:23:14.637] [bmv2] [D] [thread 30977] [3.0] [cxt 0] Dropping packet at the end of ingress
[09:23:14.886] [bmv2] [D] [thread 30977] [4.0] [cxt 0] Processing packet received on port 2
[09:23:14.886] [bmv2] [D] [thread 30977] [4.0] [cxt 0] Parser 'parser': start
[09:23:14.886] [bmv2] [D] [thread 30977] [4.0] [cxt 0] Parser 'parser' entering state 'start'
[09:23:14.886] [bmv2] [D] [thread 30977] [4.0] [cxt 0] Parser state 'start' has no switch, going to default next state
[09:23:14.886] [bmv2] [T] [thread 30977] [4.0] [cxt 0] Bytes parsed: 0
[09:23:14.886] [bmv2] [D] [thread 30977] [4.0] [cxt 0] Parser 'parser': end
[09:23:14.886] [bmv2] [D] [thread 30977] [4.0] [cxt 0] Pipeline 'ingress': start
[09:23:14.886] [bmv2] [T] [thread 30977] [4.0] [cxt 0] Applying table 'MyIngress.ipv4_lpm'
[09:23:14.886] [bmv2] [D] [thread 30977] [4.0] [cxt 0] Looking up key:
* hdr.ipv4.dstAddr    : 00000000

[09:23:14.886] [bmv2] [D] [thread 30977] [4.0] [cxt 0] Table 'MyIngress.ipv4_lpm': miss
[09:23:14.886] [bmv2] [D] [thread 30977] [4.0] [cxt 0] Action entry is MyIngress.drop - 
[09:23:14.886] [bmv2] [T] [thread 30977] [4.0] [cxt 0] Action MyIngress.drop
[09:23:14.886] [bmv2] [T] [thread 30977] [4.0] [cxt 0] basic.p4(78) Primitive mark_to_drop(standard_metadata)
[09:23:14.886] [bmv2] [D] [thread 30977] [4.0] [cxt 0] Pipeline 'ingress': end
[09:23:14.886] [bmv2] [D] [thread 30977] [4.0] [cxt 0] Egress port is 511
[09:23:14.886] [bmv2] [D] [thread 30977] [4.0] [cxt 0] Dropping packet at the end of ingress
[09:23:21.541] [bmv2] [D] [thread 30977] [5.0] [cxt 0] Processing packet received on port 2
[09:23:21.541] [bmv2] [D] [thread 30977] [5.0] [cxt 0] Parser 'parser': start
[09:23:21.541] [bmv2] [D] [thread 30977] [5.0] [cxt 0] Parser 'parser' entering state 'start'
[09:23:21.541] [bmv2] [D] [thread 30977] [5.0] [cxt 0] Parser state 'start' has no switch, going to default next state
[09:23:21.541] [bmv2] [T] [thread 30977] [5.0] [cxt 0] Bytes parsed: 0
[09:23:21.541] [bmv2] [D] [thread 30977] [5.0] [cxt 0] Parser 'parser': end
[09:23:21.541] [bmv2] [D] [thread 30977] [5.0] [cxt 0] Pipeline 'ingress': start
[09:23:21.541] [bmv2] [T] [thread 30977] [5.0] [cxt 0] Applying table 'MyIngress.ipv4_lpm'
[09:23:21.541] [bmv2] [D] [thread 30977] [5.0] [cxt 0] Looking up key:
* hdr.ipv4.dstAddr    : 00000000

[09:23:21.541] [bmv2] [D] [thread 30977] [5.0] [cxt 0] Table 'MyIngress.ipv4_lpm': miss
[09:23:21.541] [bmv2] [D] [thread 30977] [5.0] [cxt 0] Action entry is MyIngress.drop - 
[09:23:21.541] [bmv2] [T] [thread 30977] [5.0] [cxt 0] Action MyIngress.drop
[09:23:21.541] [bmv2] [T] [thread 30977] [5.0] [cxt 0] basic.p4(78) Primitive mark_to_drop(standard_metadata)
[09:23:21.541] [bmv2] [D] [thread 30977] [5.0] [cxt 0] Pipeline 'ingress': end
[09:23:21.541] [bmv2] [D] [thread 30977] [5.0] [cxt 0] Egress port is 511
[09:23:21.541] [bmv2] [D] [thread 30977] [5.0] [cxt 0] Dropping packet at the end of ingress
[09:23:21.541] [bmv2] [D] [thread 30977] [6.0] [cxt 0] Processing packet received on port 1
[09:23:21.541] [bmv2] [D] [thread 30977] [6.0] [cxt 0] Parser 'parser': start
[09:23:21.541] [bmv2] [D] [thread 30977] [6.0] [cxt 0] Parser 'parser' entering state 'start'
[09:23:21.541] [bmv2] [D] [thread 30977] [6.0] [cxt 0] Parser state 'start' has no switch, going to default next state
[09:23:21.541] [bmv2] [T] [thread 30977] [6.0] [cxt 0] Bytes parsed: 0
[09:23:21.541] [bmv2] [D] [thread 30977] [6.0] [cxt 0] Parser 'parser': end
[09:23:21.541] [bmv2] [D] [thread 30977] [6.0] [cxt 0] Pipeline 'ingress': start
[09:23:21.541] [bmv2] [T] [thread 30977] [6.0] [cxt 0] Applying table 'MyIngress.ipv4_lpm'
[09:23:21.541] [bmv2] [D] [thread 30977] [6.0] [cxt 0] Looking up key:
* hdr.ipv4.dstAddr    : 00000000

[09:23:21.541] [bmv2] [D] [thread 30977] [6.0] [cxt 0] Table 'MyIngress.ipv4_lpm': miss
[09:23:21.541] [bmv2] [D] [thread 30977] [6.0] [cxt 0] Action entry is MyIngress.drop - 
[09:23:21.541] [bmv2] [T] [thread 30977] [6.0] [cxt 0] Action MyIngress.drop
[09:23:21.541] [bmv2] [T] [thread 30977] [6.0] [cxt 0] basic.p4(78) Primitive mark_to_drop(standard_metadata)
[09:23:21.541] [bmv2] [D] [thread 30977] [6.0] [cxt 0] Pipeline 'ingress': end
[09:23:21.541] [bmv2] [D] [thread 30977] [6.0] [cxt 0] Egress port is 511
[09:23:21.541] [bmv2] [D] [thread 30977] [6.0] [cxt 0] Dropping packet at the end of ingress
[09:23:22.054] [bmv2] [D] [thread 30977] [7.0] [cxt 0] Processing packet received on port 1
[09:23:22.054] [bmv2] [D] [thread 30977] [7.0] [cxt 0] Parser 'parser': start
[09:23:22.054] [bmv2] [D] [thread 30977] [7.0] [cxt 0] Parser 'parser' entering state 'start'
[09:23:22.054] [bmv2] [D] [thread 30977] [7.0] [cxt 0] Parser state 'start' has no switch, going to default next state
[09:23:22.054] [bmv2] [T] [thread 30977] [7.0] [cxt 0] Bytes parsed: 0
[09:23:22.054] [bmv2] [D] [thread 30977] [7.0] [cxt 0] Parser 'parser': end
[09:23:22.054] [bmv2] [D] [thread 30977] [7.0] [cxt 0] Pipeline 'ingress': start
[09:23:22.054] [bmv2] [T] [thread 30977] [7.0] [cxt 0] Applying table 'MyIngress.ipv4_lpm'
[09:23:22.054] [bmv2] [D] [thread 30977] [7.0] [cxt 0] Looking up key:
* hdr.ipv4.dstAddr    : 00000000

[09:23:22.054] [bmv2] [D] [thread 30977] [7.0] [cxt 0] Table 'MyIngress.ipv4_lpm': miss
[09:23:22.054] [bmv2] [D] [thread 30977] [7.0] [cxt 0] Action entry is MyIngress.drop - 
[09:23:22.054] [bmv2] [T] [thread 30977] [7.0] [cxt 0] Action MyIngress.drop
[09:23:22.054] [bmv2] [T] [thread 30977] [7.0] [cxt 0] basic.p4(78) Primitive mark_to_drop(standard_metadata)
[09:23:22.054] [bmv2] [D] [thread 30977] [7.0] [cxt 0] Pipeline 'ingress': end
[09:23:22.054] [bmv2] [D] [thread 30977] [7.0] [cxt 0] Egress port is 511
[09:23:22.054] [bmv2] [D] [thread 30977] [7.0] [cxt 0] Dropping packet at the end of ingress
[09:23:22.825] [bmv2] [D] [thread 30977] [8.0] [cxt 0] Processing packet received on port 2
[09:23:22.825] [bmv2] [D] [thread 30977] [8.0] [cxt 0] Parser 'parser': start
[09:23:22.825] [bmv2] [D] [thread 30977] [8.0] [cxt 0] Parser 'parser' entering state 'start'
[09:23:22.825] [bmv2] [D] [thread 30977] [8.0] [cxt 0] Parser state 'start' has no switch, going to default next state
[09:23:22.825] [bmv2] [T] [thread 30977] [8.0] [cxt 0] Bytes parsed: 0
[09:23:22.825] [bmv2] [D] [thread 30977] [8.0] [cxt 0] Parser 'parser': end
[09:23:22.825] [bmv2] [D] [thread 30977] [8.0] [cxt 0] Pipeline 'ingress': start
[09:23:22.825] [bmv2] [T] [thread 30977] [8.0] [cxt 0] Applying table 'MyIngress.ipv4_lpm'
[09:23:22.825] [bmv2] [D] [thread 30977] [8.0] [cxt 0] Looking up key:
* hdr.ipv4.dstAddr    : 00000000

[09:23:22.825] [bmv2] [D] [thread 30977] [8.0] [cxt 0] Table 'MyIngress.ipv4_lpm': miss
[09:23:22.825] [bmv2] [D] [thread 30977] [8.0] [cxt 0] Action entry is MyIngress.drop - 
[09:23:22.825] [bmv2] [T] [thread 30977] [8.0] [cxt 0] Action MyIngress.drop
[09:23:22.825] [bmv2] [T] [thread 30977] [8.0] [cxt 0] basic.p4(78) Primitive mark_to_drop(standard_metadata)
[09:23:22.825] [bmv2] [D] [thread 30977] [8.0] [cxt 0] Pipeline 'ingress': end
[09:23:22.825] [bmv2] [D] [thread 30977] [8.0] [cxt 0] Egress port is 511
[09:23:22.825] [bmv2] [D] [thread 30977] [8.0] [cxt 0] Dropping packet at the end of ingress
[09:23:35.620] [bmv2] [D] [thread 30977] [9.0] [cxt 0] Processing packet received on port 2
[09:23:35.620] [bmv2] [D] [thread 30977] [9.0] [cxt 0] Parser 'parser': start
[09:23:35.620] [bmv2] [D] [thread 30977] [9.0] [cxt 0] Parser 'parser' entering state 'start'
[09:23:35.620] [bmv2] [D] [thread 30977] [9.0] [cxt 0] Parser state 'start' has no switch, going to default next state
[09:23:35.620] [bmv2] [T] [thread 30977] [9.0] [cxt 0] Bytes parsed: 0
[09:23:35.620] [bmv2] [D] [thread 30977] [9.0] [cxt 0] Parser 'parser': end
[09:23:35.620] [bmv2] [D] [thread 30977] [9.0] [cxt 0] Pipeline 'ingress': start
[09:23:35.620] [bmv2] [T] [thread 30977] [9.0] [cxt 0] Applying table 'MyIngress.ipv4_lpm'
[09:23:35.620] [bmv2] [D] [thread 30977] [9.0] [cxt 0] Looking up key:
* hdr.ipv4.dstAddr    : 00000000

[09:23:35.620] [bmv2] [D] [thread 30977] [9.0] [cxt 0] Table 'MyIngress.ipv4_lpm': miss
[09:23:35.620] [bmv2] [D] [thread 30977] [9.0] [cxt 0] Action entry is MyIngress.drop - 
[09:23:35.620] [bmv2] [T] [thread 30977] [9.0] [cxt 0] Action MyIngress.drop
[09:23:35.620] [bmv2] [T] [thread 30977] [9.0] [cxt 0] basic.p4(78) Primitive mark_to_drop(standard_metadata)
[09:23:35.620] [bmv2] [D] [thread 30977] [9.0] [cxt 0] Pipeline 'ingress': end
[09:23:35.620] [bmv2] [D] [thread 30977] [9.0] [cxt 0] Egress port is 511
[09:23:35.620] [bmv2] [D] [thread 30977] [9.0] [cxt 0] Dropping packet at the end of ingress
[09:23:35.877] [bmv2] [D] [thread 30977] [10.0] [cxt 0] Processing packet received on port 1
[09:23:35.877] [bmv2] [D] [thread 30977] [10.0] [cxt 0] Parser 'parser': start
[09:23:35.877] [bmv2] [D] [thread 30977] [10.0] [cxt 0] Parser 'parser' entering state 'start'
[09:23:35.877] [bmv2] [D] [thread 30977] [10.0] [cxt 0] Parser state 'start' has no switch, going to default next state
[09:23:35.877] [bmv2] [T] [thread 30977] [10.0] [cxt 0] Bytes parsed: 0
[09:23:35.877] [bmv2] [D] [thread 30977] [10.0] [cxt 0] Parser 'parser': end
[09:23:35.877] [bmv2] [D] [thread 30977] [10.0] [cxt 0] Pipeline 'ingress': start
[09:23:35.877] [bmv2] [T] [thread 30977] [10.0] [cxt 0] Applying table 'MyIngress.ipv4_lpm'
[09:23:35.877] [bmv2] [D] [thread 30977] [10.0] [cxt 0] Looking up key:
* hdr.ipv4.dstAddr    : 00000000

[09:23:35.877] [bmv2] [D] [thread 30977] [10.0] [cxt 0] Table 'MyIngress.ipv4_lpm': miss
[09:23:35.877] [bmv2] [D] [thread 30977] [10.0] [cxt 0] Action entry is MyIngress.drop - 
[09:23:35.877] [bmv2] [T] [thread 30977] [10.0] [cxt 0] Action MyIngress.drop
[09:23:35.877] [bmv2] [T] [thread 30977] [10.0] [cxt 0] basic.p4(78) Primitive mark_to_drop(standard_metadata)
[09:23:35.877] [bmv2] [D] [thread 30977] [10.0] [cxt 0] Pipeline 'ingress': end
[09:23:35.877] [bmv2] [D] [thread 30977] [10.0] [cxt 0] Egress port is 511
[09:23:35.877] [bmv2] [D] [thread 30977] [10.0] [cxt 0] Dropping packet at the end of ingress
[09:23:36.645] [bmv2] [D] [thread 30977] [11.0] [cxt 0] Processing packet received on port 1
[09:23:36.645] [bmv2] [D] [thread 30977] [11.0] [cxt 0] Parser 'parser': start
[09:23:36.645] [bmv2] [D] [thread 30977] [11.0] [cxt 0] Parser 'parser' entering state 'start'
[09:23:36.645] [bmv2] [D] [thread 30977] [11.0] [cxt 0] Parser state 'start' has no switch, going to default next state
[09:23:36.645] [bmv2] [T] [thread 30977] [11.0] [cxt 0] Bytes parsed: 0
[09:23:36.645] [bmv2] [D] [thread 30977] [11.0] [cxt 0] Parser 'parser': end
[09:23:36.645] [bmv2] [D] [thread 30977] [11.0] [cxt 0] Pipeline 'ingress': start
[09:23:36.645] [bmv2] [T] [thread 30977] [11.0] [cxt 0] Applying table 'MyIngress.ipv4_lpm'
[09:23:36.645] [bmv2] [D] [thread 30977] [11.0] [cxt 0] Looking up key:
* hdr.ipv4.dstAddr    : 00000000

[09:23:36.646] [bmv2] [D] [thread 30977] [11.0] [cxt 0] Table 'MyIngress.ipv4_lpm': miss
[09:23:36.646] [bmv2] [D] [thread 30977] [11.0] [cxt 0] Action entry is MyIngress.drop - 
[09:23:36.646] [bmv2] [T] [thread 30977] [11.0] [cxt 0] Action MyIngress.drop
[09:23:36.646] [bmv2] [T] [thread 30977] [11.0] [cxt 0] basic.p4(78) Primitive mark_to_drop(standard_metadata)
[09:23:36.646] [bmv2] [D] [thread 30977] [11.0] [cxt 0] Pipeline 'ingress': end
[09:23:36.646] [bmv2] [D] [thread 30977] [11.0] [cxt 0] Egress port is 511
[09:23:36.646] [bmv2] [D] [thread 30977] [11.0] [cxt 0] Dropping packet at the end of ingress
[09:23:40.742] [bmv2] [D] [thread 30977] [12.0] [cxt 0] Processing packet received on port 2
[09:23:40.742] [bmv2] [D] [thread 30977] [12.0] [cxt 0] Parser 'parser': start
[09:23:40.742] [bmv2] [D] [thread 30977] [12.0] [cxt 0] Parser 'parser' entering state 'start'
[09:23:40.742] [bmv2] [D] [thread 30977] [12.0] [cxt 0] Parser state 'start' has no switch, going to default next state
[09:23:40.742] [bmv2] [T] [thread 30977] [12.0] [cxt 0] Bytes parsed: 0
[09:23:40.742] [bmv2] [D] [thread 30977] [12.0] [cxt 0] Parser 'parser': end
[09:23:40.742] [bmv2] [D] [thread 30977] [12.0] [cxt 0] Pipeline 'ingress': start
[09:23:40.742] [bmv2] [T] [thread 30977] [12.0] [cxt 0] Applying table 'MyIngress.ipv4_lpm'
[09:23:40.742] [bmv2] [D] [thread 30977] [12.0] [cxt 0] Looking up key:
* hdr.ipv4.dstAddr    : 00000000

[09:23:40.742] [bmv2] [D] [thread 30977] [12.0] [cxt 0] Table 'MyIngress.ipv4_lpm': miss
[09:23:40.742] [bmv2] [D] [thread 30977] [12.0] [cxt 0] Action entry is MyIngress.drop - 
[09:23:40.742] [bmv2] [T] [thread 30977] [12.0] [cxt 0] Action MyIngress.drop
[09:23:40.742] [bmv2] [T] [thread 30977] [12.0] [cxt 0] basic.p4(78) Primitive mark_to_drop(standard_metadata)
[09:23:40.742] [bmv2] [D] [thread 30977] [12.0] [cxt 0] Pipeline 'ingress': end
[09:23:40.742] [bmv2] [D] [thread 30977] [12.0] [cxt 0] Egress port is 511
[09:23:40.742] [bmv2] [D] [thread 30977] [12.0] [cxt 0] Dropping packet at the end of ingress
[09:24:03.270] [bmv2] [D] [thread 30977] [13.0] [cxt 0] Processing packet received on port 1
[09:24:03.270] [bmv2] [D] [thread 30977] [13.0] [cxt 0] Parser 'parser': start
[09:24:03.270] [bmv2] [D] [thread 30977] [13.0] [cxt 0] Parser 'parser' entering state 'start'
[09:24:03.270] [bmv2] [D] [thread 30977] [13.0] [cxt 0] Parser state 'start' has no switch, going to default next state
[09:24:03.270] [bmv2] [T] [thread 30977] [13.0] [cxt 0] Bytes parsed: 0
[09:24:03.270] [bmv2] [D] [thread 30977] [13.0] [cxt 0] Parser 'parser': end
[09:24:03.270] [bmv2] [D] [thread 30977] [13.0] [cxt 0] Pipeline 'ingress': start
[09:24:03.270] [bmv2] [T] [thread 30977] [13.0] [cxt 0] Applying table 'MyIngress.ipv4_lpm'
[09:24:03.270] [bmv2] [D] [thread 30977] [13.0] [cxt 0] Looking up key:
* hdr.ipv4.dstAddr    : 00000000

[09:24:03.270] [bmv2] [D] [thread 30977] [13.0] [cxt 0] Table 'MyIngress.ipv4_lpm': miss
[09:24:03.270] [bmv2] [D] [thread 30977] [13.0] [cxt 0] Action entry is MyIngress.drop - 
[09:24:03.270] [bmv2] [T] [thread 30977] [13.0] [cxt 0] Action MyIngress.drop
[09:24:03.270] [bmv2] [T] [thread 30977] [13.0] [cxt 0] basic.p4(78) Primitive mark_to_drop(standard_metadata)
[09:24:03.270] [bmv2] [D] [thread 30977] [13.0] [cxt 0] Pipeline 'ingress': end
[09:24:03.270] [bmv2] [D] [thread 30977] [13.0] [cxt 0] Egress port is 511
[09:24:03.270] [bmv2] [D] [thread 30977] [13.0] [cxt 0] Dropping packet at the end of ingress
[09:24:05.331] [bmv2] [D] [thread 30977] [14.0] [cxt 0] Processing packet received on port 2
[09:24:05.331] [bmv2] [D] [thread 30977] [14.0] [cxt 0] Parser 'parser': start
[09:24:05.331] [bmv2] [D] [thread 30977] [14.0] [cxt 0] Parser 'parser' entering state 'start'
[09:24:05.331] [bmv2] [D] [thread 30977] [14.0] [cxt 0] Parser state 'start' has no switch, going to default next state
[09:24:05.331] [bmv2] [T] [thread 30977] [14.0] [cxt 0] Bytes parsed: 0
[09:24:05.331] [bmv2] [D] [thread 30977] [14.0] [cxt 0] Parser 'parser': end
[09:24:05.331] [bmv2] [D] [thread 30977] [14.0] [cxt 0] Pipeline 'ingress': start
[09:24:05.331] [bmv2] [T] [thread 30977] [14.0] [cxt 0] Applying table 'MyIngress.ipv4_lpm'
[09:24:05.331] [bmv2] [D] [thread 30977] [14.0] [cxt 0] Looking up key:
* hdr.ipv4.dstAddr    : 00000000

[09:24:05.331] [bmv2] [D] [thread 30977] [14.0] [cxt 0] Table 'MyIngress.ipv4_lpm': miss
[09:24:05.331] [bmv2] [D] [thread 30977] [14.0] [cxt 0] Action entry is MyIngress.drop - 
[09:24:05.331] [bmv2] [T] [thread 30977] [14.0] [cxt 0] Action MyIngress.drop
[09:24:05.331] [bmv2] [T] [thread 30977] [14.0] [cxt 0] basic.p4(78) Primitive mark_to_drop(standard_metadata)
[09:24:05.331] [bmv2] [D] [thread 30977] [14.0] [cxt 0] Pipeline 'ingress': end
[09:24:05.331] [bmv2] [D] [thread 30977] [14.0] [cxt 0] Egress port is 511
[09:24:05.331] [bmv2] [D] [thread 30977] [14.0] [cxt 0] Dropping packet at the end of ingress
[09:24:07.365] [bmv2] [D] [thread 30977] [15.0] [cxt 0] Processing packet received on port 1
[09:24:07.365] [bmv2] [D] [thread 30977] [15.0] [cxt 0] Parser 'parser': start
[09:24:07.365] [bmv2] [D] [thread 30977] [15.0] [cxt 0] Parser 'parser' entering state 'start'
[09:24:07.365] [bmv2] [D] [thread 30977] [15.0] [cxt 0] Parser state 'start' has no switch, going to default next state
[09:24:07.365] [bmv2] [T] [thread 30977] [15.0] [cxt 0] Bytes parsed: 0
[09:24:07.365] [bmv2] [D] [thread 30977] [15.0] [cxt 0] Parser 'parser': end
[09:24:07.365] [bmv2] [D] [thread 30977] [15.0] [cxt 0] Pipeline 'ingress': start
[09:24:07.365] [bmv2] [T] [thread 30977] [15.0] [cxt 0] Applying table 'MyIngress.ipv4_lpm'
[09:24:07.365] [bmv2] [D] [thread 30977] [15.0] [cxt 0] Looking up key:
* hdr.ipv4.dstAddr    : 00000000

[09:24:07.365] [bmv2] [D] [thread 30977] [15.0] [cxt 0] Table 'MyIngress.ipv4_lpm': miss
[09:24:07.365] [bmv2] [D] [thread 30977] [15.0] [cxt 0] Action entry is MyIngress.drop - 
[09:24:07.365] [bmv2] [T] [thread 30977] [15.0] [cxt 0] Action MyIngress.drop
[09:24:07.365] [bmv2] [T] [thread 30977] [15.0] [cxt 0] basic.p4(78) Primitive mark_to_drop(standard_metadata)
[09:24:07.365] [bmv2] [D] [thread 30977] [15.0] [cxt 0] Pipeline 'ingress': end
[09:24:07.365] [bmv2] [D] [thread 30977] [15.0] [cxt 0] Egress port is 511
[09:24:07.365] [bmv2] [D] [thread 30977] [15.0] [cxt 0] Dropping packet at the end of ingress
[09:24:15.560] [bmv2] [D] [thread 30977] [16.0] [cxt 0] Processing packet received on port 2
[09:24:15.560] [bmv2] [D] [thread 30977] [16.0] [cxt 0] Parser 'parser': start
[09:24:15.560] [bmv2] [D] [thread 30977] [16.0] [cxt 0] Parser 'parser' entering state 'start'
[09:24:15.560] [bmv2] [D] [thread 30977] [16.0] [cxt 0] Parser state 'start' has no switch, going to default next state
[09:24:15.560] [bmv2] [T] [thread 30977] [16.0] [cxt 0] Bytes parsed: 0
[09:24:15.560] [bmv2] [D] [thread 30977] [16.0] [cxt 0] Parser 'parser': end
[09:24:15.560] [bmv2] [D] [thread 30977] [16.0] [cxt 0] Pipeline 'ingress': start
[09:24:15.560] [bmv2] [T] [thread 30977] [16.0] [cxt 0] Applying table 'MyIngress.ipv4_lpm'
[09:24:15.560] [bmv2] [D] [thread 30977] [16.0] [cxt 0] Looking up key:
* hdr.ipv4.dstAddr    : 00000000

[09:24:15.560] [bmv2] [D] [thread 30977] [16.0] [cxt 0] Table 'MyIngress.ipv4_lpm': miss
[09:24:15.560] [bmv2] [D] [thread 30977] [16.0] [cxt 0] Action entry is MyIngress.drop - 
[09:24:15.560] [bmv2] [T] [thread 30977] [16.0] [cxt 0] Action MyIngress.drop
[09:24:15.560] [bmv2] [T] [thread 30977] [16.0] [cxt 0] basic.p4(78) Primitive mark_to_drop(standard_metadata)
[09:24:15.560] [bmv2] [D] [thread 30977] [16.0] [cxt 0] Pipeline 'ingress': end
[09:24:15.560] [bmv2] [D] [thread 30977] [16.0] [cxt 0] Egress port is 511
[09:24:15.560] [bmv2] [D] [thread 30977] [16.0] [cxt 0] Dropping packet at the end of ingress
[09:24:58.565] [bmv2] [D] [thread 30977] [17.0] [cxt 0] Processing packet received on port 1
[09:24:58.565] [bmv2] [D] [thread 30977] [17.0] [cxt 0] Parser 'parser': start
[09:24:58.565] [bmv2] [D] [thread 30977] [17.0] [cxt 0] Parser 'parser' entering state 'start'
[09:24:58.565] [bmv2] [D] [thread 30977] [17.0] [cxt 0] Parser state 'start' has no switch, going to default next state
[09:24:58.565] [bmv2] [T] [thread 30977] [17.0] [cxt 0] Bytes parsed: 0
[09:24:58.565] [bmv2] [D] [thread 30977] [17.0] [cxt 0] Parser 'parser': end
[09:24:58.565] [bmv2] [D] [thread 30977] [17.0] [cxt 0] Pipeline 'ingress': start
[09:24:58.565] [bmv2] [T] [thread 30977] [17.0] [cxt 0] Applying table 'MyIngress.ipv4_lpm'
[09:24:58.565] [bmv2] [D] [thread 30977] [17.0] [cxt 0] Looking up key:
* hdr.ipv4.dstAddr    : 00000000

[09:24:58.565] [bmv2] [D] [thread 30977] [17.0] [cxt 0] Table 'MyIngress.ipv4_lpm': miss
[09:24:58.565] [bmv2] [D] [thread 30977] [17.0] [cxt 0] Action entry is MyIngress.drop - 
[09:24:58.565] [bmv2] [T] [thread 30977] [17.0] [cxt 0] Action MyIngress.drop
[09:24:58.565] [bmv2] [T] [thread 30977] [17.0] [cxt 0] basic.p4(78) Primitive mark_to_drop(standard_metadata)
[09:24:58.565] [bmv2] [D] [thread 30977] [17.0] [cxt 0] Pipeline 'ingress': end
[09:24:58.565] [bmv2] [D] [thread 30977] [17.0] [cxt 0] Egress port is 511
[09:24:58.565] [bmv2] [D] [thread 30977] [17.0] [cxt 0] Dropping packet at the end of ingress
[09:25:04.710] [bmv2] [D] [thread 30977] [18.0] [cxt 0] Processing packet received on port 2
[09:25:04.710] [bmv2] [D] [thread 30977] [18.0] [cxt 0] Parser 'parser': start
[09:25:04.710] [bmv2] [D] [thread 30977] [18.0] [cxt 0] Parser 'parser' entering state 'start'
[09:25:04.710] [bmv2] [D] [thread 30977] [18.0] [cxt 0] Parser state 'start' has no switch, going to default next state
[09:25:04.710] [bmv2] [T] [thread 30977] [18.0] [cxt 0] Bytes parsed: 0
[09:25:04.710] [bmv2] [D] [thread 30977] [18.0] [cxt 0] Parser 'parser': end
[09:25:04.710] [bmv2] [D] [thread 30977] [18.0] [cxt 0] Pipeline 'ingress': start
[09:25:04.710] [bmv2] [T] [thread 30977] [18.0] [cxt 0] Applying table 'MyIngress.ipv4_lpm'
[09:25:04.710] [bmv2] [D] [thread 30977] [18.0] [cxt 0] Looking up key:
* hdr.ipv4.dstAddr    : 00000000

[09:25:04.710] [bmv2] [D] [thread 30977] [18.0] [cxt 0] Table 'MyIngress.ipv4_lpm': miss
[09:25:04.710] [bmv2] [D] [thread 30977] [18.0] [cxt 0] Action entry is MyIngress.drop - 
[09:25:04.710] [bmv2] [T] [thread 30977] [18.0] [cxt 0] Action MyIngress.drop
[09:25:04.710] [bmv2] [T] [thread 30977] [18.0] [cxt 0] basic.p4(78) Primitive mark_to_drop(standard_metadata)
[09:25:04.710] [bmv2] [D] [thread 30977] [18.0] [cxt 0] Pipeline 'ingress': end
[09:25:04.710] [bmv2] [D] [thread 30977] [18.0] [cxt 0] Egress port is 511
[09:25:04.710] [bmv2] [D] [thread 30977] [18.0] [cxt 0] Dropping packet at the end of ingress
[09:25:06.756] [bmv2] [D] [thread 30977] [19.0] [cxt 0] Processing packet received on port 1
[09:25:06.756] [bmv2] [D] [thread 30977] [19.0] [cxt 0] Parser 'parser': start
[09:25:06.756] [bmv2] [D] [thread 30977] [19.0] [cxt 0] Parser 'parser' entering state 'start'
[09:25:06.756] [bmv2] [D] [thread 30977] [19.0] [cxt 0] Parser state 'start' has no switch, going to default next state
[09:25:06.756] [bmv2] [T] [thread 30977] [19.0] [cxt 0] Bytes parsed: 0
[09:25:06.756] [bmv2] [D] [thread 30977] [19.0] [cxt 0] Parser 'parser': end
[09:25:06.756] [bmv2] [D] [thread 30977] [19.0] [cxt 0] Pipeline 'ingress': start
[09:25:06.756] [bmv2] [T] [thread 30977] [19.0] [cxt 0] Applying table 'MyIngress.ipv4_lpm'
[09:25:06.756] [bmv2] [D] [thread 30977] [19.0] [cxt 0] Looking up key:
* hdr.ipv4.dstAddr    : 00000000

[09:25:06.756] [bmv2] [D] [thread 30977] [19.0] [cxt 0] Table 'MyIngress.ipv4_lpm': miss
[09:25:06.756] [bmv2] [D] [thread 30977] [19.0] [cxt 0] Action entry is MyIngress.drop - 
[09:25:06.756] [bmv2] [T] [thread 30977] [19.0] [cxt 0] Action MyIngress.drop
[09:25:06.756] [bmv2] [T] [thread 30977] [19.0] [cxt 0] basic.p4(78) Primitive mark_to_drop(standard_metadata)
[09:25:06.756] [bmv2] [D] [thread 30977] [19.0] [cxt 0] Pipeline 'ingress': end
[09:25:06.756] [bmv2] [D] [thread 30977] [19.0] [cxt 0] Egress port is 511
[09:25:06.756] [bmv2] [D] [thread 30977] [19.0] [cxt 0] Dropping packet at the end of ingress
[09:25:23.145] [bmv2] [D] [thread 30977] [20.0] [cxt 0] Processing packet received on port 2
[09:25:23.145] [bmv2] [D] [thread 30977] [20.0] [cxt 0] Parser 'parser': start
[09:25:23.145] [bmv2] [D] [thread 30977] [20.0] [cxt 0] Parser 'parser' entering state 'start'
[09:25:23.145] [bmv2] [D] [thread 30977] [20.0] [cxt 0] Parser state 'start' has no switch, going to default next state
[09:25:23.145] [bmv2] [T] [thread 30977] [20.0] [cxt 0] Bytes parsed: 0
[09:25:23.145] [bmv2] [D] [thread 30977] [20.0] [cxt 0] Parser 'parser': end
[09:25:23.145] [bmv2] [D] [thread 30977] [20.0] [cxt 0] Pipeline 'ingress': start
[09:25:23.145] [bmv2] [T] [thread 30977] [20.0] [cxt 0] Applying table 'MyIngress.ipv4_lpm'
[09:25:23.145] [bmv2] [D] [thread 30977] [20.0] [cxt 0] Looking up key:
* hdr.ipv4.dstAddr    : 00000000

[09:25:23.145] [bmv2] [D] [thread 30977] [20.0] [cxt 0] Table 'MyIngress.ipv4_lpm': miss
[09:25:23.145] [bmv2] [D] [thread 30977] [20.0] [cxt 0] Action entry is MyIngress.drop - 
[09:25:23.145] [bmv2] [T] [thread 30977] [20.0] [cxt 0] Action MyIngress.drop
[09:25:23.145] [bmv2] [T] [thread 30977] [20.0] [cxt 0] basic.p4(78) Primitive mark_to_drop(standard_metadata)
[09:25:23.145] [bmv2] [D] [thread 30977] [20.0] [cxt 0] Pipeline 'ingress': end
[09:25:23.145] [bmv2] [D] [thread 30977] [20.0] [cxt 0] Egress port is 511
[09:25:23.145] [bmv2] [D] [thread 30977] [20.0] [cxt 0] Dropping packet at the end of ingress
[09:26:49.163] [bmv2] [D] [thread 30977] [21.0] [cxt 0] Processing packet received on port 1
[09:26:49.163] [bmv2] [D] [thread 30977] [21.0] [cxt 0] Parser 'parser': start
[09:26:49.163] [bmv2] [D] [thread 30977] [21.0] [cxt 0] Parser 'parser' entering state 'start'
[09:26:49.163] [bmv2] [D] [thread 30977] [21.0] [cxt 0] Parser state 'start' has no switch, going to default next state
[09:26:49.163] [bmv2] [T] [thread 30977] [21.0] [cxt 0] Bytes parsed: 0
[09:26:49.163] [bmv2] [D] [thread 30977] [21.0] [cxt 0] Parser 'parser': end
[09:26:49.163] [bmv2] [D] [thread 30977] [21.0] [cxt 0] Pipeline 'ingress': start
[09:26:49.163] [bmv2] [T] [thread 30977] [21.0] [cxt 0] Applying table 'MyIngress.ipv4_lpm'
[09:26:49.163] [bmv2] [D] [thread 30977] [21.0] [cxt 0] Looking up key:
* hdr.ipv4.dstAddr    : 00000000

[09:26:49.163] [bmv2] [D] [thread 30977] [21.0] [cxt 0] Table 'MyIngress.ipv4_lpm': miss
[09:26:49.163] [bmv2] [D] [thread 30977] [21.0] [cxt 0] Action entry is MyIngress.drop - 
[09:26:49.163] [bmv2] [T] [thread 30977] [21.0] [cxt 0] Action MyIngress.drop
[09:26:49.163] [bmv2] [T] [thread 30977] [21.0] [cxt 0] basic.p4(78) Primitive mark_to_drop(standard_metadata)
[09:26:49.163] [bmv2] [D] [thread 30977] [21.0] [cxt 0] Pipeline 'ingress': end
[09:26:49.163] [bmv2] [D] [thread 30977] [21.0] [cxt 0] Egress port is 511
[09:26:49.163] [bmv2] [D] [thread 30977] [21.0] [cxt 0] Dropping packet at the end of ingress
[09:27:01.444] [bmv2] [D] [thread 30977] [22.0] [cxt 0] Processing packet received on port 2
[09:27:01.444] [bmv2] [D] [thread 30977] [22.0] [cxt 0] Parser 'parser': start
[09:27:01.444] [bmv2] [D] [thread 30977] [22.0] [cxt 0] Parser 'parser' entering state 'start'
[09:27:01.444] [bmv2] [D] [thread 30977] [22.0] [cxt 0] Parser state 'start' has no switch, going to default next state
[09:27:01.444] [bmv2] [T] [thread 30977] [22.0] [cxt 0] Bytes parsed: 0
[09:27:01.444] [bmv2] [D] [thread 30977] [22.0] [cxt 0] Parser 'parser': end
[09:27:01.444] [bmv2] [D] [thread 30977] [22.0] [cxt 0] Pipeline 'ingress': start
[09:27:01.444] [bmv2] [T] [thread 30977] [22.0] [cxt 0] Applying table 'MyIngress.ipv4_lpm'
[09:27:01.444] [bmv2] [D] [thread 30977] [22.0] [cxt 0] Looking up key:
* hdr.ipv4.dstAddr    : 00000000

[09:27:01.444] [bmv2] [D] [thread 30977] [22.0] [cxt 0] Table 'MyIngress.ipv4_lpm': miss
[09:27:01.444] [bmv2] [D] [thread 30977] [22.0] [cxt 0] Action entry is MyIngress.drop - 
[09:27:01.444] [bmv2] [T] [thread 30977] [22.0] [cxt 0] Action MyIngress.drop
[09:27:01.444] [bmv2] [T] [thread 30977] [22.0] [cxt 0] basic.p4(78) Primitive mark_to_drop(standard_metadata)
[09:27:01.444] [bmv2] [D] [thread 30977] [22.0] [cxt 0] Pipeline 'ingress': end
[09:27:01.445] [bmv2] [D] [thread 30977] [22.0] [cxt 0] Egress port is 511
[09:27:01.445] [bmv2] [D] [thread 30977] [22.0] [cxt 0] Dropping packet at the end of ingress
[09:27:07.589] [bmv2] [D] [thread 30977] [23.0] [cxt 0] Processing packet received on port 1
[09:27:07.589] [bmv2] [D] [thread 30977] [23.0] [cxt 0] Parser 'parser': start
[09:27:07.589] [bmv2] [D] [thread 30977] [23.0] [cxt 0] Parser 'parser' entering state 'start'
[09:27:07.589] [bmv2] [D] [thread 30977] [23.0] [cxt 0] Parser state 'start' has no switch, going to default next state
[09:27:07.590] [bmv2] [T] [thread 30977] [23.0] [cxt 0] Bytes parsed: 0
[09:27:07.590] [bmv2] [D] [thread 30977] [23.0] [cxt 0] Parser 'parser': end
[09:27:07.590] [bmv2] [D] [thread 30977] [23.0] [cxt 0] Pipeline 'ingress': start
[09:27:07.590] [bmv2] [T] [thread 30977] [23.0] [cxt 0] Applying table 'MyIngress.ipv4_lpm'
[09:27:07.590] [bmv2] [D] [thread 30977] [23.0] [cxt 0] Looking up key:
* hdr.ipv4.dstAddr    : 00000000

[09:27:07.590] [bmv2] [D] [thread 30977] [23.0] [cxt 0] Table 'MyIngress.ipv4_lpm': miss
[09:27:07.590] [bmv2] [D] [thread 30977] [23.0] [cxt 0] Action entry is MyIngress.drop - 
[09:27:07.590] [bmv2] [T] [thread 30977] [23.0] [cxt 0] Action MyIngress.drop
[09:27:07.590] [bmv2] [T] [thread 30977] [23.0] [cxt 0] basic.p4(78) Primitive mark_to_drop(standard_metadata)
[09:27:07.590] [bmv2] [D] [thread 30977] [23.0] [cxt 0] Pipeline 'ingress': end
[09:27:07.590] [bmv2] [D] [thread 30977] [23.0] [cxt 0] Egress port is 511
[09:27:07.590] [bmv2] [D] [thread 30977] [23.0] [cxt 0] Dropping packet at the end of ingress
open: No such file or directory
